This is pdfTeX, Version 3.14159265-2.6-1.40.19 (TeX Live 2018/MacPorts 2018.47642_8) (preloaded format=pdflatex 2019.3.30)  10 MAY 2019 10:26
entering extended mode
 restricted \write18 enabled.
 %&-line parsing enabled.
**igaman_51
(./igaman_51.tex
LaTeX2e <2018-04-01> patch level 2
Babel <3.18> and hyphenation patterns for 46 language(s) loaded.
(/opt/local/share/texmf-texlive/tex/latex/base/report.cls
Document Class: report 2014/09/29 v1.4h Standard LaTeX document class
(/opt/local/share/texmf-texlive/tex/latex/base/size12.clo
File: size12.clo 2014/09/29 v1.4h Standard LaTeX file (size option)
)
\c@part=\count80
\c@chapter=\count81
\c@section=\count82
\c@subsection=\count83
\c@subsubsection=\count84
\c@paragraph=\count85
\c@subparagraph=\count86
\c@figure=\count87
\c@table=\count88
\abovecaptionskip=\skip41
\belowcaptionskip=\skip42
\bibindent=\dimen102
)
(/opt/local/share/texmf-texlive/tex/latex/amsmath/amsmath.sty
Package: amsmath 2017/09/02 v2.17a AMS math features
\@mathmargin=\skip43

For additional information on amsmath, use the `?' option.
(/opt/local/share/texmf-texlive/tex/latex/amsmath/amstext.sty
Package: amstext 2000/06/29 v2.01 AMS text

(/opt/local/share/texmf-texlive/tex/latex/amsmath/amsgen.sty
File: amsgen.sty 1999/11/30 v2.0 generic functions
\@emptytoks=\toks14
\ex@=\dimen103
))
(/opt/local/share/texmf-texlive/tex/latex/amsmath/amsbsy.sty
Package: amsbsy 1999/11/29 v1.2d Bold Symbols
\pmbraise@=\dimen104
)
(/opt/local/share/texmf-texlive/tex/latex/amsmath/amsopn.sty
Package: amsopn 2016/03/08 v2.02 operator names
)
\inf@bad=\count89
LaTeX Info: Redefining \frac on input line 213.
\uproot@=\count90
\leftroot@=\count91
LaTeX Info: Redefining \overline on input line 375.
\classnum@=\count92
\DOTSCASE@=\count93
LaTeX Info: Redefining \ldots on input line 472.
LaTeX Info: Redefining \dots on input line 475.
LaTeX Info: Redefining \cdots on input line 596.
\Mathstrutbox@=\box26
\strutbox@=\box27
\big@size=\dimen105
LaTeX Font Info:    Redeclaring font encoding OML on input line 712.
LaTeX Font Info:    Redeclaring font encoding OMS on input line 713.
\macc@depth=\count94
\c@MaxMatrixCols=\count95
\dotsspace@=\muskip10
\c@parentequation=\count96
\dspbrk@lvl=\count97
\tag@help=\toks15
\row@=\count98
\column@=\count99
\maxfields@=\count100
\andhelp@=\toks16
\eqnshift@=\dimen106
\alignsep@=\dimen107
\tagshift@=\dimen108
\tagwidth@=\dimen109
\totwidth@=\dimen110
\lineht@=\dimen111
\@envbody=\toks17
\multlinegap=\skip44
\multlinetaggap=\skip45
\mathdisplay@stack=\toks18
LaTeX Info: Redefining \[ on input line 2817.
LaTeX Info: Redefining \] on input line 2818.
)
(/opt/local/share/texmf-texlive/tex/latex/amsfonts/amsfonts.sty
Package: amsfonts 2013/01/14 v3.01 Basic AMSFonts support
\symAMSa=\mathgroup4
\symAMSb=\mathgroup5
LaTeX Font Info:    Overwriting math alphabet `\mathfrak' in version `bold'
(Font)                  U/euf/m/n --> U/euf/b/n on input line 106.
)
(/opt/local/share/texmf-texlive/tex/latex/graphics/graphicx.sty
Package: graphicx 2017/06/01 v1.1a Enhanced LaTeX Graphics (DPC,SPQR)

(/opt/local/share/texmf-texlive/tex/latex/graphics/keyval.sty
Package: keyval 2014/10/28 v1.15 key=value parser (DPC)
\KV@toks@=\toks19
)
(/opt/local/share/texmf-texlive/tex/latex/graphics/graphics.sty
Package: graphics 2017/06/25 v1.2c Standard LaTeX Graphics (DPC,SPQR)

(/opt/local/share/texmf-texlive/tex/latex/graphics/trig.sty
Package: trig 2016/01/03 v1.10 sin cos tan (DPC)
)
(/opt/local/share/texmf-texlive/tex/latex/graphics-cfg/graphics.cfg
File: graphics.cfg 2016/06/04 v1.11 sample graphics configuration
)
Package graphics Info: Driver file: pdftex.def on input line 99.

(/opt/local/share/texmf-texlive/tex/latex/graphics-def/pdftex.def
File: pdftex.def 2018/01/08 v1.0l Graphics/color driver for pdftex
))
\Gin@req@height=\dimen112
\Gin@req@width=\dimen113
)
(/opt/local/share/texmf-texlive/tex/latex/base/latexsym.sty
Package: latexsym 1998/08/17 v2.2e Standard LaTeX package (lasy symbols)
\symlasy=\mathgroup6
LaTeX Font Info:    Overwriting symbol font `lasy' in version `bold'
(Font)                  U/lasy/m/n --> U/lasy/b/n on input line 52.
)
(/opt/local/share/texmf-texlive/tex/latex/base/makeidx.sty
Package: makeidx 2014/09/29 v1.0m Standard LaTeX package
)
(/opt/local/share/texmf-texlive/tex/latex/cite/overcite.sty
Package: overcite 2003/05/27  v 4.0
)
(/opt/local/share/texmf-texlive/tex/latex/cite/cite.sty
LaTeX Info: Redefining \cite on input line 302.
LaTeX Info: Redefining \nocite on input line 332.
Package: cite 2015/02/27  v 5.5
LaTeX Info: Redefining \cite on input line 441.
)
(/opt/local/share/texmf-texlive/tex/latex/hyperref/hyperref.sty
Package: hyperref 2018/02/06 v6.86b Hypertext links for LaTeX

(/opt/local/share/texmf-texlive/tex/generic/oberdiek/hobsub-hyperref.sty
Package: hobsub-hyperref 2016/05/16 v1.14 Bundle oberdiek, subset hyperref (HO)


(/opt/local/share/texmf-texlive/tex/generic/oberdiek/hobsub-generic.sty
Package: hobsub-generic 2016/05/16 v1.14 Bundle oberdiek, subset generic (HO)
Package: hobsub 2016/05/16 v1.14 Construct package bundles (HO)
Package: infwarerr 2016/05/16 v1.4 Providing info/warning/error messages (HO)
Package: ltxcmds 2016/05/16 v1.23 LaTeX kernel commands for general use (HO)
Package: ifluatex 2016/05/16 v1.4 Provides the ifluatex switch (HO)
Package ifluatex Info: LuaTeX not detected.
Package: ifvtex 2016/05/16 v1.6 Detect VTeX and its facilities (HO)
Package ifvtex Info: VTeX not detected.
Package: intcalc 2016/05/16 v1.2 Expandable calculations with integers (HO)
Package: ifpdf 2017/03/15 v3.2 Provides the ifpdf switch
Package: etexcmds 2016/05/16 v1.6 Avoid name clashes with e-TeX commands (HO)
Package etexcmds Info: Could not find \expanded.
(etexcmds)             That can mean that you are not using pdfTeX 1.50 or
(etexcmds)             that some package has redefined \expanded.
(etexcmds)             In the latter case, load this package earlier.
Package: kvsetkeys 2016/05/16 v1.17 Key value parser (HO)
Package: kvdefinekeys 2016/05/16 v1.4 Define keys (HO)
Package: pdftexcmds 2018/01/30 v0.27 Utility functions of pdfTeX for LuaTeX (HO
)
Package pdftexcmds Info: LuaTeX not detected.
Package pdftexcmds Info: \pdf@primitive is available.
Package pdftexcmds Info: \pdf@ifprimitive is available.
Package pdftexcmds Info: \pdfdraftmode found.
Package: pdfescape 2016/05/16 v1.14 Implements pdfTeX's escape features (HO)
Package: bigintcalc 2016/05/16 v1.4 Expandable calculations on big integers (HO
)
Package: bitset 2016/05/16 v1.2 Handle bit-vector datatype (HO)
Package: uniquecounter 2016/05/16 v1.3 Provide unlimited unique counter (HO)
)
Package hobsub Info: Skipping package `hobsub' (already loaded).
Package: letltxmacro 2016/05/16 v1.5 Let assignment for LaTeX macros (HO)
Package: hopatch 2016/05/16 v1.3 Wrapper for package hooks (HO)
Package: xcolor-patch 2016/05/16 xcolor patch
Package: atveryend 2016/05/16 v1.9 Hooks at the very end of document (HO)
Package atveryend Info: \enddocument detected (standard20110627).
Package: atbegshi 2016/06/09 v1.18 At begin shipout hook (HO)
Package: refcount 2016/05/16 v3.5 Data extraction from label references (HO)
Package: hycolor 2016/05/16 v1.8 Color options for hyperref/bookmark (HO)
)
(/opt/local/share/texmf-texlive/tex/generic/ifxetex/ifxetex.sty
Package: ifxetex 2010/09/12 v0.6 Provides ifxetex conditional
)
(/opt/local/share/texmf-texlive/tex/latex/oberdiek/auxhook.sty
Package: auxhook 2016/05/16 v1.4 Hooks for auxiliary files (HO)
)
(/opt/local/share/texmf-texlive/tex/latex/oberdiek/kvoptions.sty
Package: kvoptions 2016/05/16 v3.12 Key value format for package options (HO)
)
\@linkdim=\dimen114
\Hy@linkcounter=\count101
\Hy@pagecounter=\count102

(/opt/local/share/texmf-texlive/tex/latex/hyperref/pd1enc.def
File: pd1enc.def 2018/02/06 v6.86b Hyperref: PDFDocEncoding definition (HO)
Now handling font encoding PD1 ...
... no UTF-8 mapping file for font encoding PD1
)
\Hy@SavedSpaceFactor=\count103

(/opt/local/share/texmf-texlive/tex/latex/latexconfig/hyperref.cfg
File: hyperref.cfg 2002/06/06 v1.2 hyperref configuration of TeXLive
)
Package hyperref Info: Option `colorlinks' set `true' on input line 4383.
Package hyperref Info: Option `bookmarksnumbered' set `true' on input line 4383
.
Package hyperref Info: Option `hyperindex' set `true' on input line 4383.
Package hyperref Info: Option `linktocpage' set `true' on input line 4383.
Package hyperref Info: Hyper figures OFF on input line 4509.
Package hyperref Info: Link nesting OFF on input line 4514.
Package hyperref Info: Hyper index ON on input line 4517.
Package hyperref Info: Plain pages OFF on input line 4524.
Package hyperref Info: Backreferencing OFF on input line 4529.
Package hyperref Info: Implicit mode ON; LaTeX internals redefined.
Package hyperref Info: Bookmarks ON on input line 4762.
\c@Hy@tempcnt=\count104

(/opt/local/share/texmf-texlive/tex/latex/url/url.sty
\Urlmuskip=\muskip11
Package: url 2013/09/16  ver 3.4  Verb mode for urls, etc.
)
LaTeX Info: Redefining \url on input line 5115.
\XeTeXLinkMargin=\dimen115
\Fld@menulength=\count105
\Field@Width=\dimen116
\Fld@charsize=\dimen117
Package hyperref Info: Hyper figures OFF on input line 6369.
Package hyperref Info: Link nesting OFF on input line 6374.
Package hyperref Info: Hyper index ON on input line 6377.
Package hyperref Info: backreferencing OFF on input line 6384.
Package hyperref Info: Link coloring ON on input line 6387.
Package hyperref Info: Link coloring with OCG OFF on input line 6394.
Package hyperref Info: PDF/A mode OFF on input line 6399.
LaTeX Info: Redefining \ref on input line 6439.
LaTeX Info: Redefining \pageref on input line 6443.
\Hy@abspage=\count106
\c@Item=\count107
\c@Hfootnote=\count108
)
Package hyperref Info: Driver (autodetected): hpdftex.

(/opt/local/share/texmf-texlive/tex/latex/hyperref/hpdftex.def
File: hpdftex.def 2018/02/06 v6.86b Hyperref driver for pdfTeX
\Fld@listcount=\count109
\c@bookmark@seq@number=\count110

(/opt/local/share/texmf-texlive/tex/latex/oberdiek/rerunfilecheck.sty
Package: rerunfilecheck 2016/05/16 v1.8 Rerun checks for auxiliary files (HO)
Package uniquecounter Info: New unique counter `rerunfilecheck' on input line 2
82.
)
\Hy@SectionHShift=\skip46
)
\@indexfile=\write3
\openout3 = `igaman_51.idx'.


Writing index file igaman_51.idx
(./igaman_51.aux)
\openout1 = `igaman_51.aux'.

LaTeX Font Info:    Checking defaults for OML/cmm/m/it on input line 52.
LaTeX Font Info:    ... okay on input line 52.
LaTeX Font Info:    Checking defaults for T1/cmr/m/n on input line 52.
LaTeX Font Info:    ... okay on input line 52.
LaTeX Font Info:    Checking defaults for OT1/cmr/m/n on input line 52.
LaTeX Font Info:    ... okay on input line 52.
LaTeX Font Info:    Checking defaults for OMS/cmsy/m/n on input line 52.
LaTeX Font Info:    ... okay on input line 52.
LaTeX Font Info:    Checking defaults for OMX/cmex/m/n on input line 52.
LaTeX Font Info:    ... okay on input line 52.
LaTeX Font Info:    Checking defaults for U/cmr/m/n on input line 52.
LaTeX Font Info:    ... okay on input line 52.
LaTeX Font Info:    Checking defaults for PD1/pdf/m/n on input line 52.
LaTeX Font Info:    ... okay on input line 52.

(/opt/local/share/texmf-texlive/tex/context/base/mkii/supp-pdf.mkii
[Loading MPS to PDF converter (version 2006.09.02).]
\scratchcounter=\count111
\scratchdimen=\dimen118
\scratchbox=\box28
\nofMPsegments=\count112
\nofMParguments=\count113
\everyMPshowfont=\toks20
\MPscratchCnt=\count114
\MPscratchDim=\dimen119
\MPnumerator=\count115
\makeMPintoPDFobject=\count116
\everyMPtoPDFconversion=\toks21
) (/opt/local/share/texmf-texlive/tex/latex/oberdiek/epstopdf-base.sty
Package: epstopdf-base 2016/05/15 v2.6 Base part for package epstopdf

(/opt/local/share/texmf-texlive/tex/latex/oberdiek/grfext.sty
Package: grfext 2016/05/16 v1.2 Manage graphics extensions (HO)
)
Package epstopdf-base Info: Redefining graphics rule for `.eps' on input line 4
38.
Package grfext Info: Graphics extension search list:
(grfext)             [.pdf,.png,.jpg,.mps,.jpeg,.jbig2,.jb2,.PDF,.PNG,.JPG,.JPE
G,.JBIG2,.JB2,.eps]
(grfext)             \AppendGraphicsExtensions on input line 456.

(/opt/local/share/texmf-texlive/tex/latex/latexconfig/epstopdf-sys.cfg
File: epstopdf-sys.cfg 2010/07/13 v1.3 Configuration of (r)epstopdf for TeX Liv
e
))
\AtBeginShipoutBox=\box29

(/opt/local/share/texmf-texlive/tex/latex/graphics/color.sty
Package: color 2016/07/10 v1.1e Standard LaTeX Color (DPC)

(/opt/local/share/texmf-texlive/tex/latex/graphics-cfg/color.cfg
File: color.cfg 2016/01/02 v1.6 sample color configuration
)
Package color Info: Driver file: pdftex.def on input line 147.
)
Package hyperref Info: Link coloring ON on input line 52.

(/opt/local/share/texmf-texlive/tex/latex/hyperref/nameref.sty
Package: nameref 2016/05/21 v2.44 Cross-referencing by name of section

(/opt/local/share/texmf-texlive/tex/generic/oberdiek/gettitlestring.sty
Package: gettitlestring 2016/05/16 v1.5 Cleanup title references (HO)
)
\c@section@level=\count117
)
LaTeX Info: Redefining \ref on input line 52.
LaTeX Info: Redefining \pageref on input line 52.
LaTeX Info: Redefining \nameref on input line 52.

(./igaman_51.out) (./igaman_51.out)
\@outlinefile=\write4
\openout4 = `igaman_51.out'.

LaTeX Font Info:    Try loading font information for U+msa on input line 59.

(/opt/local/share/texmf-texlive/tex/latex/amsfonts/umsa.fd
File: umsa.fd 2013/01/14 v3.01 AMS symbols A
)
LaTeX Font Info:    Try loading font information for U+msb on input line 59.

(/opt/local/share/texmf-texlive/tex/latex/amsfonts/umsb.fd
File: umsb.fd 2013/01/14 v3.01 AMS symbols B
)
LaTeX Font Info:    Try loading font information for U+lasy on input line 59.

(/opt/local/share/texmf-texlive/tex/latex/base/ulasy.fd
File: ulasy.fd 1998/08/17 v2.2e LaTeX symbol font definitions
) [1

{/opt/local/var/db/texmf/fonts/map/pdftex/updmap/pdftex.map}] (./igaman_51.toc
LaTeX Font Info:    Font shape `OT1/cmtt/bx/n' in size <12> not available
(Font)              Font shape `OT1/cmtt/m/n' tried instead on input line 6.
pdfTeX warning (ext4): destination with the same identifier (name{page.i}) has 
been already used, duplicate ignored
<to be read again> 
                   \relax 
l.40 ...}Example mesh and elements}{33}{chapter.3}
                                                   [1

])
\tf@toc=\write5
\openout5 = `igaman_51.toc'.

 [2] (./igaman_51.lof)
\tf@lof=\write6
\openout6 = `igaman_51.lof'.


[3

] (./igaman_51.lot)
\tf@lot=\write7
\openout7 = `igaman_51.lot'.

 [4

] (./sect1.tex
Chapter 1.
[1

] [2]
<figs/parab_3fe_L2.pdf, id=305, 452.69125pt x 207.77625pt>
File: figs/parab_3fe_L2.pdf Graphic file (type pdf)
<use figs/parab_3fe_L2.pdf>
Package pdftex.def Info: figs/parab_3fe_L2.pdf  used on input line 159.
(pdftex.def)             Requested size: 216.81pt x 99.50952pt.
<figs/parab_3el_L2.pdf, id=306, 452.69125pt x 180.675pt>
File: figs/parab_3el_L2.pdf Graphic file (type pdf)
<use figs/parab_3el_L2.pdf>
Package pdftex.def Info: figs/parab_3el_L2.pdf  used on input line 163.
(pdftex.def)             Requested size: 216.81pt x 86.53001pt.
 [3]
<figs/bspline_2_5.pdf, id=316, 498.86375pt x 391.4625pt>
File: figs/bspline_2_5.pdf Graphic file (type pdf)
<use figs/bspline_2_5.pdf>
Package pdftex.def Info: figs/bspline_2_5.pdf  used on input line 207.
(pdftex.def)             Requested size: 252.94499pt x 198.48442pt.
<figs/bspline_xy_5.pdf, id=317, 356.33125pt x 166.6225pt>
File: figs/bspline_xy_5.pdf Graphic file (type pdf)
<use figs/bspline_xy_5.pdf>
Package pdftex.def Info: figs/bspline_xy_5.pdf  used on input line 218.
(pdftex.def)             Requested size: 252.94499pt x 118.27737pt.
<figs/belm_1.pdf, id=318, 185.69376pt x 165.61874pt>
File: figs/belm_1.pdf Graphic file (type pdf)
<use figs/belm_1.pdf>
Package pdftex.def Info: figs/belm_1.pdf  used on input line 223.
(pdftex.def)             Requested size: 108.405pt x 96.68819pt.
<figs/belm_2.pdf, id=319, 240.9pt x 165.61874pt>
File: figs/belm_2.pdf Graphic file (type pdf)
<use figs/belm_2.pdf>
Package pdftex.def Info: figs/belm_2.pdf  used on input line 224.
(pdftex.def)             Requested size: 144.54pt x 99.37453pt.
<figs/belm_3.pdf, id=320, 185.69376pt x 165.61874pt>
File: figs/belm_3.pdf Graphic file (type pdf)
<use figs/belm_3.pdf>
Package pdftex.def Info: figs/belm_3.pdf  used on input line 225.
(pdftex.def)             Requested size: 108.405pt x 96.68819pt.

Overfull \hbox (4.75543pt too wide) in paragraph at lines 234--237
[]\OT1/cmr/m/n/12 Next we con-sider the same parabola where the in-ter-po-la-ti
on is per-formed us-ing quadratic
 []

[4 <./figs/parab_3fe_L2.pdf> <./figs/parab_3el_L2.pdf>] [5 <./figs/bspline_2_5.
pdf> <./figs/bspline_xy_5.pdf> <./figs/belm_1.pdf> <./figs/belm_2.pdf> <./figs/
belm_3.pdf>]
Overfull \hbox (16.44003pt too wide) in paragraph at lines 301--305
[]\OT1/cmr/m/n/12 Higher di-men-sional in-ter-po-la-tion may be de-fined by tak
-ing prod-ucts of the one-dimensional
 []

[6]
Chapter 2.
LaTeX Font Info:    Font shape `OT1/cmtt/bx/n' in size <24.88> not available
(Font)              Font shape `OT1/cmtt/m/n' tried instead on input line 309.
[7

] [8] [9] [10] [11] (./iga_table1.tex) [12]
LaTeX Font Info:    Font shape `OT1/cmtt/bx/n' in size <14.4> not available
(Font)              Font shape `OT1/cmtt/m/n' tried instead on input line 589.

Overfull \hbox (12.14436pt too wide) in paragraph at lines 613--623
\OT1/cmr/m/n/12 Currently four types of knot vec-tors may be used to con-struct
 NURBS patches: CLAMped
 []

[13] [14]
<figs/close_cl_8.png, id=411, 562.2606pt x 421.575pt>
File: figs/close_cl_8.png Graphic file (type png)
<use figs/close_cl_8.png>
Package pdftex.def Info: figs/close_cl_8.png  used on input line 707.
(pdftex.def)             Requested size: 265.06898pt x 198.7425pt.
<figs/close_un_8.png, id=412, 562.2606pt x 421.575pt>
File: figs/close_un_8.png Graphic file (type png)
<use figs/close_un_8.png>
Package pdftex.def Info: figs/close_un_8.png  used on input line 707.
(pdftex.def)             Requested size: 265.06898pt x 198.7425pt.
<figs/nurb3_1d_cl.png, id=413, 562.2606pt x 421.575pt>
File: figs/nurb3_1d_cl.png Graphic file (type png)
<use figs/nurb3_1d_cl.png>
Package pdftex.def Info: figs/nurb3_1d_cl.png  used on input line 723.
(pdftex.def)             Requested size: 216.81pt x 162.56096pt.
<figs/nurb3_1d_un.png, id=414, 562.2606pt x 421.575pt>
File: figs/nurb3_1d_un.png Graphic file (type png)
<use figs/nurb3_1d_un.png>
Package pdftex.def Info: figs/nurb3_1d_un.png  used on input line 723.
(pdftex.def)             Requested size: 216.81pt x 162.56096pt.
 [15] [16 <./figs/close_cl_8.png (PNG copy)> <./figs/close_un_8.png (PNG copy)>
] [17 <./figs/nurb3_1d_cl.png (PNG copy)> <./figs/nurb3_1d_un.png (PNG copy)>]
<figs/nblock2d.pdf, id=431, 265.99374pt x 402.50375pt>
File: figs/nblock2d.pdf Graphic file (type pdf)
<use figs/nblock2d.pdf>
Package pdftex.def Info: figs/nblock2d.pdf  used on input line 829.
(pdftex.def)             Requested size: 143.2773pt x 216.81pt.
 [18 <./figs/nblock2d.pdf>]
<figs/nblock3d.pdf, id=441, 313.17pt x 389.455pt>
File: figs/nblock3d.pdf Graphic file (type pdf)
<use figs/nblock3d.pdf>
Package pdftex.def Info: figs/nblock3d.pdf  used on input line 908.
(pdftex.def)             Requested size: 174.34181pt x 216.81pt.
 [19] [20 <./figs/nblock3d.pdf>]
<figs/curve_mesh.pdf, id=457, 368.37625pt x 380.42125pt>
File: figs/curve_mesh.pdf Graphic file (type pdf)
<use figs/curve_mesh.pdf>
Package pdftex.def Info: figs/curve_mesh.pdf  used on input line 984.
(pdftex.def)             Requested size: 216.81pt x 223.89513pt.
)
(./sect2.tex [21] [22 <./figs/curve_mesh.pdf>]
<figs/nside2d.pdf, id=472, 462.72874pt x 416.55624pt>
File: figs/nside2d.pdf Graphic file (type pdf)
<use figs/nside2d.pdf>
Package pdftex.def Info: figs/nside2d.pdf  used on input line 48.
(pdftex.def)             Requested size: 240.84627pt x 216.81pt.
 [23] [24 <./figs/nside2d.pdf>])
(./sect3.tex [25] [26] [27]) (./sect4.tex [28] [29] [30]) (./sect5.tex [31])
(./sect5ex.tex [32]
Chapter 3.
<figs/mesh_2d.pdf, id=532, 350.30875pt x 358.33875pt>
File: figs/mesh_2d.pdf Graphic file (type pdf)
<use figs/mesh_2d.pdf>
Package pdftex.def Info: figs/mesh_2d.pdf  used on input line 21.
(pdftex.def)             Requested size: 202.35622pt x 207.00005pt.
<figs/mesh_fill.pdf, id=533, 350.30875pt x 358.33875pt>
File: figs/mesh_fill.pdf Graphic file (type pdf)
<use figs/mesh_fill.pdf>
Package pdftex.def Info: figs/mesh_fill.pdf  used on input line 21.
(pdftex.def)             Requested size: 202.35622pt x 207.00005pt.
<figs/mesh_e7.pdf, id=534, 181.67876pt x 187.70125pt>
File: figs/mesh_e7.pdf Graphic file (type pdf)
<use figs/mesh_e7.pdf>
Package pdftex.def Info: figs/mesh_e7.pdf  used on input line 36.
(pdftex.def)             Requested size: 86.72377pt x 89.60008pt.
<figs/mesh_e8.pdf, id=535, 241.90375pt x 187.70125pt>
File: figs/mesh_e8.pdf Graphic file (type pdf)
<use figs/mesh_e8.pdf>
Package pdftex.def Info: figs/mesh_e8.pdf  used on input line 36.
(pdftex.def)             Requested size: 115.63243pt x 89.72324pt.
<figs/mesh_e9.pdf, id=536, 188.705pt x 187.70125pt>
File: figs/mesh_e9.pdf Graphic file (type pdf)
<use figs/mesh_e9.pdf>
Package pdftex.def Info: figs/mesh_e9.pdf  used on input line 36.
(pdftex.def)             Requested size: 86.72377pt x 86.26056pt.
<figs/mesh_e4.pdf, id=537, 181.67876pt x 242.9075pt>
File: figs/mesh_e4.pdf Graphic file (type pdf)
<use figs/mesh_e4.pdf>
Package pdftex.def Info: figs/mesh_e4.pdf  used on input line 44.
(pdftex.def)             Requested size: 86.72377pt x 115.95305pt.
<figs/mesh_e5.pdf, id=538, 236.885pt x 242.9075pt>
File: figs/mesh_e5.pdf Graphic file (type pdf)
<use figs/mesh_e5.pdf>
Package pdftex.def Info: figs/mesh_e5.pdf  used on input line 44.
(pdftex.def)             Requested size: 115.63243pt x 118.56981pt.
<figs/mesh_e6.pdf, id=539, 188.705pt x 242.9075pt>
File: figs/mesh_e6.pdf Graphic file (type pdf)
<use figs/mesh_e6.pdf>
Package pdftex.def Info: figs/mesh_e6.pdf  used on input line 44.
(pdftex.def)             Requested size: 86.72377pt x 111.6313pt.
<figs/mesh_e1.pdf, id=540, 181.67876pt x 186.6975pt>
File: figs/mesh_e1.pdf Graphic file (type pdf)
<use figs/mesh_e1.pdf>
Package pdftex.def Info: figs/mesh_e1.pdf  used on input line 52.
(pdftex.def)             Requested size: 86.72377pt x 89.12094pt.
<figs/mesh_e2.pdf, id=541, 236.885pt x 186.6975pt>
File: figs/mesh_e2.pdf Graphic file (type pdf)
<use figs/mesh_e2.pdf>
Package pdftex.def Info: figs/mesh_e2.pdf  used on input line 52.
(pdftex.def)             Requested size: 115.63243pt x 91.13217pt.
<figs/mesh_e3.pdf, id=542, 188.705pt x 186.6975pt>
File: figs/mesh_e3.pdf Graphic file (type pdf)
<use figs/mesh_e3.pdf>
Package pdftex.def Info: figs/mesh_e3.pdf  used on input line 52.
(pdftex.def)             Requested size: 86.72377pt x 85.79927pt.

LaTeX Warning: `!h' float specifier changed to `!ht'.

[33

 <./figs/mesh_2d.pdf> <./figs/mesh_fill.pdf>]
<figs/mesh_3_mesh.pdf, id=555, 356.33125pt x 365.365pt>
File: figs/mesh_3_mesh.pdf Graphic file (type pdf)
<use figs/mesh_3_mesh.pdf>
Package pdftex.def Info: figs/mesh_3_mesh.pdf  used on input line 76.
(pdftex.def)             Requested size: 144.54pt x 148.20059pt.
<figs/mesh_3_fill.pdf, id=556, 356.33125pt x 365.365pt>
File: figs/mesh_3_fill.pdf Graphic file (type pdf)
<use figs/mesh_3_fill.pdf>
Package pdftex.def Info: figs/mesh_3_fill.pdf  used on input line 76.
(pdftex.def)             Requested size: 144.54pt x 148.20059pt.
<figs/mesh_3_e7.pdf, id=557, 232.87pt x 241.90375pt>
File: figs/mesh_3_e7.pdf Graphic file (type pdf)
<use figs/mesh_3_e7.pdf>
Package pdftex.def Info: figs/mesh_3_e7.pdf  used on input line 91.
(pdftex.def)             Requested size: 86.72377pt x 90.08618pt.
<figs/mesh_3_e8.pdf, id=558, 274.02374pt x 241.90375pt>
File: figs/mesh_3_e8.pdf Graphic file (type pdf)
<use figs/mesh_3_e8.pdf>
Package pdftex.def Info: figs/mesh_3_e8.pdf  used on input line 91.
(pdftex.def)             Requested size: 101.17755pt x 89.31842pt.
<figs/mesh_3_e9.pdf, id=559, 241.90375pt x 241.90375pt>
File: figs/mesh_3_e9.pdf Graphic file (type pdf)
<use figs/mesh_3_e9.pdf>
Package pdftex.def Info: figs/mesh_3_e9.pdf  used on input line 91.
(pdftex.def)             Requested size: 86.72377pt x 86.72354pt.
<figs/mesh_3_e4.pdf, id=560, 232.87pt x 278.03876pt>
File: figs/mesh_3_e4.pdf Graphic file (type pdf)
<use figs/mesh_3_e4.pdf>
Package pdftex.def Info: figs/mesh_3_e4.pdf  used on input line 99.
(pdftex.def)             Requested size: 86.72377pt x 103.54305pt.
<figs/mesh_3_e5.pdf, id=561, 274.02374pt x 278.03876pt>
File: figs/mesh_3_e5.pdf Graphic file (type pdf)
<use figs/mesh_3_e5.pdf>
Package pdftex.def Info: figs/mesh_3_e5.pdf  used on input line 99.
(pdftex.def)             Requested size: 101.17755pt x 102.6606pt.
<figs/mesh_3_e6.pdf, id=562, 241.90375pt x 278.03876pt>
File: figs/mesh_3_e6.pdf Graphic file (type pdf)
<use figs/mesh_3_e6.pdf>
Package pdftex.def Info: figs/mesh_3_e6.pdf  used on input line 99.
(pdftex.def)             Requested size: 86.72377pt x 99.6781pt.
<figs/mesh_3_e1.pdf, id=563, 232.87pt x 241.90375pt>
File: figs/mesh_3_e1.pdf Graphic file (type pdf)
<use figs/mesh_3_e1.pdf>
Package pdftex.def Info: figs/mesh_3_e1.pdf  used on input line 107.
(pdftex.def)             Requested size: 86.72377pt x 90.08618pt.
<figs/mesh_3_e2.pdf, id=564, 274.02374pt x 241.90375pt>
File: figs/mesh_3_e2.pdf Graphic file (type pdf)
<use figs/mesh_3_e2.pdf>
Package pdftex.def Info: figs/mesh_3_e2.pdf  used on input line 107.
(pdftex.def)             Requested size: 101.17755pt x 89.31842pt.
<figs/mesh_3_e3.pdf, id=565, 241.90375pt x 241.90375pt>
File: figs/mesh_3_e3.pdf Graphic file (type pdf)
<use figs/mesh_3_e3.pdf>
Package pdftex.def Info: figs/mesh_3_e3.pdf  used on input line 107.
(pdftex.def)             Requested size: 86.72377pt x 86.72354pt.
<figs/mesh_4_mesh.pdf, id=567, 362.35374pt x 374.39874pt>
File: figs/mesh_4_mesh.pdf Graphic file (type pdf)
<use figs/mesh_4_mesh.pdf>
Package pdftex.def Info: figs/mesh_4_mesh.pdf  used on input line 134.
(pdftex.def)             Requested size: 144.54pt x 149.3455pt.
<figs/mesh_4_fill.pdf, id=568, 362.35374pt x 374.39874pt>
File: figs/mesh_4_fill.pdf Graphic file (type pdf)
<use figs/mesh_4_fill.pdf>
Package pdftex.def Info: figs/mesh_4_fill.pdf  used on input line 134.
(pdftex.def)             Requested size: 144.54pt x 149.3455pt.
) (./igaman_51.bbl [34 <./figs/mesh_e7.pdf> <./figs/mesh_e8.pdf> <./figs/mesh_e
9.pdf> <./figs/mesh_e4.pdf> <./figs/mesh_e5.pdf> <./figs/mesh_e6.pdf> <./figs/m
esh_e1.pdf> <./figs/mesh_e2.pdf> <./figs/mesh_e3.pdf>] [35 <./figs/mesh_3_mesh.
pdf> <./figs/mesh_3_fill.pdf> <./figs/mesh_3_e7.pdf> <./figs/mesh_3_e8.pdf> <./
figs/mesh_3_e9.pdf> <./figs/mesh_3_e4.pdf> <./figs/mesh_3_e5.pdf> <./figs/mesh_
3_e6.pdf> <./figs/mesh_3_e1.pdf> <./figs/mesh_3_e2.pdf> <./figs/mesh_3_e3.pdf>]
 [36 <./figs/mesh_4_mesh.pdf> <./figs/mesh_4_fill.pdf>] [37

] [38]) (./appxa.tex [39]
Appendix A.
LaTeX Font Info:    Font shape `OT1/cmtt/bx/n' in size <17.28> not available
(Font)              Font shape `OT1/cmtt/m/n' tried instead on input line 4.
File: figs/nblock2d.pdf Graphic file (type pdf)
<use figs/nblock2d.pdf>
Package pdftex.def Info: figs/nblock2d.pdf  used on input line 40.
(pdftex.def)             Requested size: 95.5182pt x 144.54pt.
[40

] [41]
Overfull \hbox (58.74939pt too wide) in paragraph at lines 85--112
[]$[]$ 
 []

[42]
Overfull \hbox (58.74939pt too wide) in paragraph at lines 145--168
[]$[]$ 
 []

File: figs/nblock3d.pdf Graphic file (type pdf)
<use figs/nblock3d.pdf>
Package pdftex.def Info: figs/nblock3d.pdf  used on input line 172.
(pdftex.def)             Requested size: 145.28325pt x 180.67499pt.
) (./appenda.tex [43]
Appendix B.

LaTeX Warning: `!h' float specifier changed to `!ht'.


LaTeX Warning: `!h' float specifier changed to `!ht'.

)
No file igaman_51.ind.
Package atveryend Info: Empty hook `BeforeClearDocument' on input line 97.
[44

] [45]
Package atveryend Info: Empty hook `AfterLastShipout' on input line 97.
 (./igaman_51.aux)
Package atveryend Info: Executing hook `AtVeryEndDocument' on input line 97.
Package atveryend Info: Executing hook `AtEndAfterFileList' on input line 97.
Package rerunfilecheck Info: File `igaman_51.out' has not changed.
(rerunfilecheck)             Checksum: A0F5A1FC603AB4AB437C51916EECC020;3085.
Package atveryend Info: Empty hook `AtVeryVeryEnd' on input line 97.
 ) 
Here is how much of TeX's memory you used:
 6387 strings out of 493762
 93548 string characters out of 6152599
 189356 words of memory out of 5000000
 9787 multiletter control sequences out of 15000+600000
 18192 words of font info for 74 fonts, out of 8000000 for 9000
 430 hyphenation exceptions out of 8191
 28i,21n,28p,316b,453s stack positions out of 5000i,500n,10000p,200000b,80000s
</opt/local/share/texmf-texlive/fonts/type1/public/amsfonts/cm/cmbx12.pfb></o
pt/local/share/texmf-texlive/fonts/type1/public/amsfonts/cm/cmex10.pfb></opt/lo
cal/share/texmf-texlive/fonts/type1/public/amsfonts/cm/cmmi12.pfb></opt/local/s
hare/texmf-texlive/fonts/type1/public/amsfonts/cm/cmmi6.pfb></opt/local/share/t
exmf-texlive/fonts/type1/public/amsfonts/cm/cmmi8.pfb></opt/local/share/texmf-t
exlive/fonts/type1/public/amsfonts/cm/cmr10.pfb></opt/local/share/texmf-texlive
/fonts/type1/public/amsfonts/cm/cmr12.pfb></opt/local/share/texmf-texlive/fonts
/type1/public/amsfonts/cm/cmr6.pfb></opt/local/share/texmf-texlive/fonts/type1/
public/amsfonts/cm/cmr7.pfb></opt/local/share/texmf-texlive/fonts/type1/public/
amsfonts/cm/cmr8.pfb></opt/local/share/texmf-texlive/fonts/type1/public/amsfont
s/cm/cmsl12.pfb></opt/local/share/texmf-texlive/fonts/type1/public/amsfonts/cm/
cmsltt10.pfb></opt/local/share/texmf-texlive/fonts/type1/public/amsfonts/cm/cms
y10.pfb></opt/local/share/texmf-texlive/fonts/type1/public/amsfonts/cm/cmsy8.pf
b></opt/local/share/texmf-texlive/fonts/type1/public/amsfonts/cm/cmti12.pfb></o
pt/local/share/texmf-texlive/fonts/type1/public/amsfonts/cm/cmtt12.pfb>
Output written on igaman_51.pdf (50 pages, 562223 bytes).
PDF statistics:
 799 PDF objects out of 1000 (max. 8388607)
 684 compressed objects within 7 object streams
 155 named destinations out of 1000 (max. 500000)
 508 words of extra memory for PDF output out of 10000 (max. 10000000)

