\BOOKMARK [0][-]{chapter.1}{1 Introduction}{}% 1
\BOOKMARK [1][-]{section.1.1}{1.1 NURBS interpolation on a line}{chapter.1}% 2
\BOOKMARK [2][-]{subsection.1.1.1}{1.1.1 NURBS functions and B\351zier extraction}{section.1.1}% 3
\BOOKMARK [0][-]{chapter.2}{2 NURBS mesh description}{}% 4
\BOOKMARK [1][-]{section.2.1}{2.1 Control information: Start of problem}{chapter.2}% 5
\BOOKMARK [1][-]{section.2.2}{2.2 MATERIAL set description}{chapter.2}% 6
\BOOKMARK [2][-]{subsection.2.2.1}{2.2.1 Activation of NURBS interpolations}{section.2.2}% 7
\BOOKMARK [2][-]{subsection.2.2.2}{2.2.2 SOLId element material sets}{section.2.2}% 8
\BOOKMARK [2][-]{subsection.2.2.3}{2.2.3 THERmal element material sets}{section.2.2}% 9
\BOOKMARK [2][-]{subsection.2.2.4}{2.2.4 NURB\137THIN\137SHELL element material sets}{section.2.2}% 10
\BOOKMARK [2][-]{subsection.2.2.5}{2.2.5 NURB\137SLOPE element material sets}{section.2.2}% 11
\BOOKMARK [2][-]{subsection.2.2.6}{2.2.6 PRESsure: Dead and Follower loads}{section.2.2}% 12
\BOOKMARK [2][-]{subsection.2.2.7}{2.2.7 USER element material sets}{section.2.2}% 13
\BOOKMARK [1][-]{section.2.3}{2.3 NURBS patch input}{chapter.2}% 14
\BOOKMARK [2][-]{subsection.2.3.1}{2.3.1 NURBS control point specification}{section.2.3}% 15
\BOOKMARK [2][-]{subsection.2.3.2}{2.3.2 KNOT vector specification}{section.2.3}% 16
\BOOKMARK [2][-]{subsection.2.3.3}{2.3.3 NPATch specification}{section.2.3}% 17
\BOOKMARK [2][-]{subsection.2.3.4}{2.3.4 Example: Two dimensional curved beam}{section.2.3}% 18
\BOOKMARK [1][-]{section.2.4}{2.4 Traction surface loading}{chapter.2}% 19
\BOOKMARK [2][-]{subsection.2.4.1}{2.4.1 NSURface loading}{section.2.4}% 20
\BOOKMARK [2][-]{subsection.2.4.2}{2.4.2 NLOAd patch loading}{section.2.4}% 21
\BOOKMARK [1][-]{section.2.5}{2.5 NURBS mesh refinement}{chapter.2}% 22
\BOOKMARK [2][-]{subsection.2.5.1}{2.5.1 Degree ELEVation}{section.2.5}% 23
\BOOKMARK [2][-]{subsection.2.5.2}{2.5.2 KNOT insertion}{section.2.5}% 24
\BOOKMARK [1][-]{section.2.6}{2.6 Multiple NURBS blocks}{chapter.2}% 25
\BOOKMARK [2][-]{subsection.2.6.1}{2.6.1 Slope compatibility enforcement for thin shells: NTIE}{section.2.6}% 26
\BOOKMARK [1][-]{section.2.7}{2.7 OUTMesh: Output of IgA mesh}{chapter.2}% 27
\BOOKMARK [1][-]{section.2.8}{2.8 Surface extraction}{chapter.2}% 28
\BOOKMARK [1][-]{section.2.9}{2.9 Problem solution}{chapter.2}% 29
\BOOKMARK [1][-]{section.2.10}{2.10 Graphics outputs}{chapter.2}% 30
\BOOKMARK [1][-]{section.2.11}{2.11 Solutions using T-splines}{chapter.2}% 31
\BOOKMARK [0][-]{chapter.3}{3 Example mesh and elements}{}% 32
\BOOKMARK [0][-]{appendix.A}{A BLOCk input form}{}% 33
\BOOKMARK [1][-]{section.A.1}{A.1 NSIDE list of control points}{appendix.A}% 34
\BOOKMARK [1][-]{section.A.2}{A.2 NBLOCK specification}{appendix.A}% 35
\BOOKMARK [2][-]{subsection.A.2.1}{A.2.1 One dimensional block}{section.A.2}% 36
\BOOKMARK [2][-]{subsection.A.2.2}{A.2.2 Two dimensional block}{section.A.2}% 37
\BOOKMARK [2][-]{subsection.A.2.3}{A.2.3 Three dimensional block}{section.A.2}% 38
\BOOKMARK [0][-]{appendix.B}{B Patch storage arrays}{}% 39
