\BOOKMARK [0][-]{chapter.1}{\376\377\0001\000\040\000I\000n\000t\000r\000o\000d\000u\000c\000t\000i\000o\000n}{}% 1
\BOOKMARK [0][-]{chapter.2}{\376\377\0002\000\040\000P\000r\000o\000b\000l\000e\000m\000\040\000D\000e\000f\000i\000n\000i\000t\000i\000o\000n}{}% 2
\BOOKMARK [1][-]{section.2.1}{\376\377\0002\000.\0001\000\040\000E\000x\000e\000c\000u\000t\000i\000o\000n\000\040\000o\000f\000\040\000F\000E\000A\000P\000p\000v\000\040\000a\000n\000d\000\040\000I\000n\000p\000u\000t\000/\000O\000u\000t\000p\000u\000t\000\040\000F\000i\000l\000e\000s\000.}{chapter.2}% 3
\BOOKMARK [1][-]{section.2.2}{\376\377\0002\000.\0002\000\040\000M\000o\000d\000i\000f\000i\000c\000a\000t\000i\000o\000n\000\040\000o\000f\000\040\000D\000e\000f\000a\000u\000l\000t\000\040\000O\000p\000t\000i\000o\000n\000s}{chapter.2}% 4
\BOOKMARK [0][-]{chapter.3}{\376\377\0003\000\040\000M\000a\000n\000u\000a\000l\000\040\000O\000r\000g\000a\000n\000i\000z\000a\000t\000i\000o\000n}{}% 5
\BOOKMARK [0][-]{chapter.4}{\376\377\0004\000\040\000I\000n\000p\000u\000t\000\040\000R\000e\000c\000o\000r\000d\000s}{}% 6
\BOOKMARK [1][-]{section.4.1}{\376\377\0004\000.\0001\000\040\000C\000o\000n\000s\000t\000a\000n\000t\000s}{chapter.4}% 7
\BOOKMARK [1][-]{section.4.2}{\376\377\0004\000.\0002\000\040\000P\000a\000r\000a\000m\000e\000t\000e\000r\000s}{chapter.4}% 8
\BOOKMARK [1][-]{section.4.3}{\376\377\0004\000.\0003\000\040\000E\000x\000p\000r\000e\000s\000s\000i\000o\000n\000s}{chapter.4}% 9
\BOOKMARK [1][-]{section.4.4}{\376\377\0004\000.\0004\000\040\000F\000u\000n\000c\000t\000i\000o\000n\000s}{chapter.4}% 10
\BOOKMARK [0][-]{chapter.5}{\376\377\0005\000\040\000M\000e\000s\000h\000\040\000I\000n\000p\000u\000t\000\040\000D\000a\000t\000a}{}% 11
\BOOKMARK [1][-]{section.5.1}{\376\377\0005\000.\0001\000\040\000S\000t\000a\000r\000t\000\040\000o\000f\000\040\000P\000r\000o\000b\000l\000e\000m\000\040\000a\000n\000d\000\040\000C\000o\000n\000t\000r\000o\000l\000\040\000I\000n\000f\000o\000r\000m\000a\000t\000i\000o\000n}{chapter.5}% 12
\BOOKMARK [1][-]{section.5.2}{\376\377\0005\000.\0002\000\040\000G\000l\000o\000b\000a\000l\000\040\000D\000a\000t\000a}{chapter.5}% 13
\BOOKMARK [1][-]{section.5.3}{\376\377\0005\000.\0003\000\040\000N\000o\000d\000a\000l\000\040\000C\000o\000o\000r\000d\000i\000n\000a\000t\000e\000\040\000a\000n\000d\000\040\000E\000l\000e\000m\000e\000n\000t\000\040\000C\000o\000n\000n\000e\000c\000t\000i\000o\000n\000s}{chapter.5}% 14
\BOOKMARK [2][-]{subsection.5.3.1}{\376\377\0005\000.\0003\000.\0001\000\040\000T\000h\000e\000\040\000C\000O\000O\000R\000d\000i\000n\000a\000t\000e\000\040\000C\000o\000m\000m\000a\000n\000d}{section.5.3}% 15
\BOOKMARK [2][-]{subsection.5.3.2}{\376\377\0005\000.\0003\000.\0002\000\040\000T\000h\000e\000\040\000E\000L\000E\000M\000e\000n\000t\000\040\000C\000o\000m\000m\000a\000n\000d}{section.5.3}% 16
\BOOKMARK [2][-]{subsection.5.3.3}{\376\377\0005\000.\0003\000.\0003\000\040\000T\000h\000e\000\040\000B\000L\000O\000C\000k\000\040\000C\000o\000m\000m\000a\000n\000d}{section.5.3}% 17
\BOOKMARK [2][-]{subsection.5.3.4}{\376\377\0005\000.\0003\000.\0004\000\040\000T\000h\000e\000\040\000B\000L\000E\000N\000d\000\040\000C\000o\000m\000m\000a\000n\000d}{section.5.3}% 18
\BOOKMARK [1][-]{section.5.4}{\376\377\0005\000.\0004\000\040\000C\000o\000o\000r\000d\000i\000n\000a\000t\000e\000\040\000a\000n\000d\000\040\000T\000r\000a\000n\000s\000f\000o\000r\000m\000a\000t\000i\000o\000n\000\040\000S\000y\000s\000t\000e\000m\000s}{chapter.5}% 19
\BOOKMARK [2][-]{subsection.5.4.1}{\376\377\0005\000.\0004\000.\0001\000\040\000C\000o\000o\000r\000d\000i\000n\000a\000t\000e\000\040\000T\000r\000a\000n\000s\000f\000o\000r\000m\000a\000t\000i\000o\000n}{section.5.4}% 20
\BOOKMARK [1][-]{section.5.5}{\376\377\0005\000.\0005\000\040\000R\000e\000g\000i\000o\000n\000s\000\040\000a\000n\000d\000\040\000E\000l\000e\000m\000e\000n\000t\000\040\000G\000r\000o\000u\000p\000s}{chapter.5}% 21
\BOOKMARK [1][-]{section.5.6}{\376\377\0005\000.\0006\000\040\000N\000o\000d\000a\000l\000\040\000B\000o\000u\000n\000d\000a\000r\000y\000\040\000C\000o\000n\000d\000i\000t\000i\000o\000n\000\040\000I\000n\000p\000u\000t\000s}{chapter.5}% 22
\BOOKMARK [2][-]{subsection.5.6.1}{\376\377\0005\000.\0006\000.\0001\000\040\000B\000a\000s\000i\000c\000\040\000i\000n\000p\000u\000t\000\040\000f\000o\000r\000m\000.}{section.5.6}% 23
\BOOKMARK [2][-]{subsection.5.6.2}{\376\377\0005\000.\0006\000.\0002\000\040\000E\000d\000g\000e\000\040\000i\000n\000p\000u\000t\000\040\000f\000o\000r\000m\000.}{section.5.6}% 24
\BOOKMARK [2][-]{subsection.5.6.3}{\376\377\0005\000.\0006\000.\0003\000\040\000C\000o\000o\000r\000d\000i\000n\000a\000t\000e\000\040\000i\000n\000p\000u\000t\000\040\000f\000o\000r\000m\000.}{section.5.6}% 25
\BOOKMARK [2][-]{subsection.5.6.4}{\376\377\0005\000.\0006\000.\0004\000\040\000H\000i\000e\000r\000a\000r\000c\000h\000y\000\040\000o\000f\000\040\000i\000n\000p\000u\000t\000\040\000f\000o\000r\000m\000s\000.}{section.5.6}% 26
\BOOKMARK [2][-]{subsection.5.6.5}{\376\377\0005\000.\0006\000.\0005\000\040\000T\000i\000m\000e\000\040\000d\000e\000p\000e\000n\000d\000e\000n\000t\000\040\000l\000o\000a\000d\000\040\000f\000u\000n\000c\000t\000i\000o\000n\000s}{section.5.6}% 27
\BOOKMARK [2][-]{subsection.5.6.6}{\376\377\0005\000.\0006\000.\0006\000\040\000P\000e\000r\000i\000o\000d\000i\000c\000\040\000b\000o\000u\000n\000d\000a\000r\000y\000\040\000c\000o\000n\000d\000i\000t\000i\000o\000n\000s}{section.5.6}% 28
\BOOKMARK [1][-]{section.5.7}{\376\377\0005\000.\0007\000\040\000S\000u\000r\000f\000a\000c\000e\000\040\000L\000o\000a\000d\000i\000n\000g}{chapter.5}% 29
\BOOKMARK [1][-]{section.5.8}{\376\377\0005\000.\0008\000\040\000I\000N\000C\000L\000u\000d\000e\000\040\000a\000n\000d\000\040\000L\000O\000O\000P\000i\000n\000g\000:\000\040\000D\000a\000t\000a\000\040\000r\000e\000u\000s\000e}{chapter.5}% 30
\BOOKMARK [2][-]{subsection.5.8.1}{\376\377\0005\000.\0008\000.\0001\000\040\000I\000n\000c\000l\000u\000d\000e\000\040\000C\000o\000m\000m\000a\000n\000d\000s\000\040\000i\000n\000\040\000M\000e\000s\000h\000\040\000I\000n\000p\000u\000t}{section.5.8}% 31
\BOOKMARK [2][-]{subsection.5.8.2}{\376\377\0005\000.\0008\000.\0002\000\040\000R\000E\000A\000D\000\040\000a\000n\000d\000\040\000S\000A\000V\000E\000\040\000C\000o\000m\000m\000a\000n\000d\000s\000\040\000i\000n\000\040\000M\000e\000s\000h\000\040\000I\000n\000p\000u\000t}{section.5.8}% 32
\BOOKMARK [2][-]{subsection.5.8.3}{\376\377\0005\000.\0008\000.\0003\000\040\000L\000O\000O\000P\000-\000N\000E\000X\000T\000\040\000t\000o\000\040\000r\000e\000p\000l\000i\000c\000a\000t\000e\000\040\000m\000e\000s\000h\000\040\000p\000a\000r\000t\000s}{section.5.8}% 33
\BOOKMARK [0][-]{chapter.6}{\376\377\0006\000\040\000E\000l\000e\000m\000e\000n\000t\000\040\000L\000i\000b\000r\000a\000r\000y}{}% 34
\BOOKMARK [0][-]{chapter.7}{\376\377\0007\000\040\000M\000a\000t\000e\000r\000i\000a\000l\000\040\000M\000o\000d\000e\000l\000s}{}% 35
\BOOKMARK [1][-]{section.7.1}{\376\377\0007\000.\0001\000\040\000O\000r\000t\000h\000o\000t\000r\000o\000p\000i\000c\000\040\000L\000i\000n\000e\000a\000r\000\040\000E\000l\000a\000s\000t\000i\000c\000\040\000M\000o\000d\000e\000l\000s}{chapter.7}% 36
\BOOKMARK [1][-]{section.7.2}{\376\377\0007\000.\0002\000\040\000I\000s\000o\000t\000r\000o\000p\000i\000c\000\040\000L\000i\000n\000e\000a\000r\000\040\000E\000l\000a\000s\000t\000i\000c\000\040\000M\000o\000d\000e\000l\000s}{chapter.7}% 37
\BOOKMARK [1][-]{section.7.3}{\376\377\0007\000.\0003\000\040\000I\000s\000o\000t\000r\000o\000p\000i\000c\000\040\000F\000i\000n\000i\000t\000e\000\040\000D\000e\000f\000o\000r\000m\000a\000t\000i\000o\000n\000\040\000E\000l\000a\000s\000t\000i\000c\000\040\000M\000o\000d\000e\000l\000s}{chapter.7}% 38
\BOOKMARK [2][-]{subsection.7.3.1}{\376\377\0007\000.\0003\000.\0001\000\040\000S\000t\000.\000\040\000V\000e\000n\000a\000n\000t\000-\000K\000i\000r\000c\000h\000h\000o\000f\000f}{section.7.3}% 39
\BOOKMARK [2][-]{subsection.7.3.2}{\376\377\0007\000.\0003\000.\0002\000\040\000N\000e\000o\000-\000H\000o\000o\000k\000e\000a\000n\000\040\000a\000n\000d\000\040\000M\000o\000d\000i\000f\000i\000e\000d\000\040\000N\000e\000o\000-\000H\000o\000o\000k\000e\000a\000n\000\040\000M\000o\000d\000e\000l\000s}{section.7.3}% 40
\BOOKMARK [1][-]{section.7.4}{\376\377\0007\000.\0004\000\040\000R\000a\000y\000l\000e\000i\000g\000h\000\040\000D\000a\000m\000p\000i\000n\000g}{chapter.7}% 41
\BOOKMARK [1][-]{section.7.5}{\376\377\0007\000.\0005\000\040\000V\000i\000s\000c\000o\000e\000l\000a\000s\000t\000i\000c\000\040\000M\000o\000d\000e\000l\000s}{chapter.7}% 42
\BOOKMARK [1][-]{section.7.6}{\376\377\0007\000.\0006\000\040\000P\000l\000a\000s\000t\000i\000c\000i\000t\000y\000\040\000M\000o\000d\000e\000l\000s}{chapter.7}% 43
\BOOKMARK [1][-]{section.7.7}{\376\377\0007\000.\0007\000\040\000H\000e\000a\000t\000\040\000C\000o\000n\000d\000u\000c\000t\000i\000o\000n\000\040\000M\000a\000t\000e\000r\000i\000a\000l\000\040\000M\000o\000d\000e\000l\000s}{chapter.7}% 44
\BOOKMARK [1][-]{section.7.8}{\376\377\0007\000.\0008\000\040\000M\000a\000s\000s\000\040\000M\000a\000t\000r\000i\000x\000\040\000T\000y\000p\000e\000\040\000S\000p\000e\000c\000i\000f\000i\000c\000a\000t\000i\000o\000n}{chapter.7}% 45
\BOOKMARK [1][-]{section.7.9}{\376\377\0007\000.\0009\000\040\000E\000l\000e\000m\000e\000n\000t\000\040\000C\000r\000o\000s\000s\000\040\000S\000e\000c\000t\000i\000o\000n\000\040\000a\000n\000d\000\040\000L\000o\000a\000d\000\040\000S\000p\000e\000c\000i\000f\000i\000c\000a\000t\000i\000o\000n}{chapter.7}% 46
\BOOKMARK [2][-]{subsection.7.9.1}{\376\377\0007\000.\0009\000.\0001\000\040\000R\000e\000s\000u\000l\000t\000a\000n\000t\000\040\000f\000o\000r\000m\000u\000l\000a\000t\000i\000o\000n\000s}{section.7.9}% 47
\BOOKMARK [1][-]{section.7.10}{\376\377\0007\000.\0001\0000\000\040\000M\000i\000s\000c\000e\000l\000l\000a\000n\000e\000o\000u\000s\000\040\000M\000a\000t\000e\000r\000i\000a\000l\000\040\000S\000e\000t\000\040\000P\000a\000r\000a\000m\000e\000t\000e\000r\000\040\000\040\000S\000p\000e\000c\000i\000f\000i\000c\000a\000t\000i\000o\000n\000s}{chapter.7}% 48
\BOOKMARK [0][-]{chapter.8}{\376\377\0008\000\040\000E\000n\000d\000\040\000a\000n\000d\000\040\000M\000i\000s\000c\000e\000l\000l\000a\000n\000e\000o\000u\000s\000\040\000C\000o\000m\000m\000a\000n\000d\000s}{}% 49
\BOOKMARK [0][-]{chapter.9}{\376\377\0009\000\040\000M\000e\000s\000h\000\040\000M\000a\000n\000i\000p\000u\000l\000a\000t\000i\000o\000n\000\040\000C\000o\000m\000m\000a\000n\000d\000s}{}% 50
\BOOKMARK [1][-]{section.9.1}{\376\377\0009\000.\0001\000\040\000T\000h\000e\000\040\000T\000I\000E\000\040\000C\000o\000m\000m\000a\000n\000d}{chapter.9}% 51
\BOOKMARK [1][-]{section.9.2}{\376\377\0009\000.\0002\000\040\000T\000h\000e\000\040\000L\000I\000N\000K\000\040\000C\000o\000m\000m\000a\000n\000d}{chapter.9}% 52
\BOOKMARK [0][-]{chapter.10}{\376\377\0001\0000\000\040\000C\000o\000m\000m\000a\000n\000d\000\040\000L\000a\000n\000g\000u\000a\000g\000e\000\040\000P\000r\000o\000g\000r\000a\000m\000s}{}% 53
\BOOKMARK [1][-]{section.10.1}{\376\377\0001\0000\000.\0001\000\040\000P\000r\000o\000b\000l\000e\000m\000\040\000S\000o\000l\000v\000i\000n\000g}{chapter.10}% 54
\BOOKMARK [2][-]{subsection.10.1.1}{\376\377\0001\0000\000.\0001\000.\0001\000\040\000S\000o\000l\000u\000t\000i\000o\000n\000\040\000o\000f\000\040\000N\000o\000n\000-\000l\000i\000n\000e\000a\000r\000\040\000P\000r\000o\000b\000l\000e\000m\000s}{section.10.1}% 55
\BOOKMARK [2][-]{subsection.10.1.2}{\376\377\0001\0000\000.\0001\000.\0002\000\040\000S\000o\000l\000u\000t\000i\000o\000n\000\040\000o\000f\000\040\000l\000i\000n\000e\000a\000r\000\040\000e\000q\000u\000a\000t\000i\000o\000n\000s}{section.10.1}% 56
\BOOKMARK [1][-]{section.10.2}{\376\377\0001\0000\000.\0002\000\040\000T\000r\000a\000n\000s\000i\000e\000n\000t\000\040\000S\000o\000l\000u\000t\000i\000o\000n\000s}{chapter.10}% 57
\BOOKMARK [2][-]{subsection.10.2.1}{\376\377\0001\0000\000.\0002\000.\0001\000\040\000Q\000u\000a\000s\000i\000-\000s\000t\000a\000t\000i\000c\000\040\000s\000o\000l\000u\000t\000i\000o\000n\000s}{section.10.2}% 58
\BOOKMARK [2][-]{subsection.10.2.2}{\376\377\0001\0000\000.\0002\000.\0002\000\040\000F\000i\000r\000s\000t\000\040\000o\000r\000d\000e\000r\000\040\000t\000r\000a\000n\000s\000i\000e\000n\000t\000\040\000s\000o\000l\000u\000t\000i\000o\000n\000s}{section.10.2}% 59
\BOOKMARK [2][-]{subsection.10.2.3}{\376\377\0001\0000\000.\0002\000.\0003\000\040\000S\000e\000c\000o\000n\000d\000\040\000o\000r\000d\000e\000r\000\040\000t\000r\000a\000n\000s\000i\000e\000n\000t\000\040\000s\000o\000l\000u\000t\000i\000o\000n\000s}{section.10.2}% 60
\BOOKMARK [1][-]{section.10.3}{\376\377\0001\0000\000.\0003\000\040\000T\000r\000a\000n\000s\000i\000e\000n\000t\000\040\000S\000o\000l\000u\000t\000i\000o\000n\000\040\000o\000f\000\040\000L\000i\000n\000e\000a\000r\000\040\000P\000r\000o\000b\000l\000e\000m\000s}{chapter.10}% 61
\BOOKMARK [1][-]{section.10.4}{\376\377\0001\0000\000.\0004\000\040\000T\000i\000m\000e\000\040\000D\000e\000p\000e\000n\000d\000e\000n\000t\000\040\000L\000o\000a\000d\000i\000n\000g}{chapter.10}% 62
\BOOKMARK [1][-]{section.10.5}{\376\377\0001\0000\000.\0005\000\040\000C\000o\000n\000t\000i\000n\000u\000a\000t\000i\000o\000n\000\040\000M\000e\000t\000h\000o\000d\000s\000:\000\040\000A\000r\000c\000l\000e\000n\000g\000t\000h\000\040\000S\000o\000l\000u\000t\000i\000o\000n}{chapter.10}% 63
\BOOKMARK [1][-]{section.10.6}{\376\377\0001\0000\000.\0006\000\040\000A\000u\000g\000m\000e\000n\000t\000e\000d\000\040\000S\000o\000l\000u\000t\000i\000o\000n\000s}{chapter.10}% 64
\BOOKMARK [1][-]{section.10.7}{\376\377\0001\0000\000.\0007\000\040\000T\000i\000m\000e\000\040\000H\000i\000s\000t\000o\000r\000y\000\040\000P\000l\000o\000t\000s}{chapter.10}% 65
\BOOKMARK [1][-]{section.10.8}{\376\377\0001\0000\000.\0008\000\040\000V\000i\000e\000w\000i\000n\000g\000\040\000S\000o\000l\000u\000t\000i\000o\000n\000\040\000D\000a\000t\000a\000:\000\040\000S\000H\000O\000W\000\040\000C\000o\000m\000m\000a\000n\000d}{chapter.10}% 66
\BOOKMARK [1][-]{section.10.9}{\376\377\0001\0000\000.\0009\000\040\000R\000e\000-\000e\000x\000e\000c\000u\000t\000i\000n\000g\000\040\000C\000o\000m\000m\000a\000n\000d\000s\000:\000\040\000H\000I\000S\000T\000O\000R\000Y\000\040\000C\000o\000m\000m\000a\000n\000d}{chapter.10}% 67
\BOOKMARK [1][-]{section.10.10}{\376\377\0001\0000\000.\0001\0000\000\040\000S\000o\000l\000u\000t\000i\000o\000n\000s\000\040\000U\000s\000i\000n\000g\000\040\000P\000r\000o\000c\000e\000d\000u\000r\000e\000s}{chapter.10}% 68
\BOOKMARK [1][-]{section.10.11}{\376\377\0001\0000\000.\0001\0001\000\040\000O\000u\000t\000p\000u\000t\000\040\000o\000f\000\040\000E\000l\000e\000m\000e\000n\000t\000\040\000A\000r\000r\000a\000y\000s}{chapter.10}% 69
\BOOKMARK [0][-]{chapter.11}{\376\377\0001\0001\000\040\000P\000l\000o\000t\000\040\000O\000u\000t\000p\000u\000t\000s}{}% 70
\BOOKMARK [1][-]{section.11.1}{\376\377\0001\0001\000.\0001\000\040\000S\000c\000r\000e\000e\000n\000\040\000P\000l\000o\000t\000s}{chapter.11}% 71
\BOOKMARK [1][-]{section.11.2}{\376\377\0001\0001\000.\0002\000\040\000P\000o\000s\000t\000S\000c\000r\000i\000p\000t\000\040\000P\000l\000o\000t\000s}{chapter.11}% 72
\BOOKMARK [0][-]{appendix.A}{\376\377\000A\000\040\000M\000e\000s\000h\000\040\000M\000a\000n\000u\000a\000l}{}% 73
\BOOKMARK [0][-]{appendix.B}{\376\377\000B\000\040\000M\000e\000s\000h\000\040\000M\000a\000n\000i\000p\000u\000l\000a\000t\000i\000o\000n\000\040\000M\000a\000n\000u\000a\000l}{}% 74
\BOOKMARK [0][-]{appendix.C}{\376\377\000C\000\040\000S\000o\000l\000u\000t\000i\000o\000n\000\040\000C\000o\000m\000m\000a\000n\000d\000\040\000M\000a\000n\000u\000a\000l}{}% 75
\BOOKMARK [0][-]{appendix.D}{\376\377\000D\000\040\000P\000l\000o\000t\000\040\000M\000a\000n\000u\000a\000l}{}% 76
