This is pdfTeX, Version 3.141592653-2.6-1.40.22 (TeX Live 2021/Homebrew) (preloaded format=pdflatex 2022.3.3)  2 APR 2024 16:25
entering extended mode
 restricted \write18 enabled.
 file:line:error style messages enabled.
 %&-line parsing enabled.
**manual_51.tex
(./manual_51.tex
LaTeX2e <2020-10-01> patch level 4
L3 programming layer <2021-02-18>
(/opt/homebrew/Cellar/texlive/58837_1/share/texmf-dist/tex/latex/base/report.cl
s
Document Class: report 2020/04/10 v1.4m Standard LaTeX document class

(/opt/homebrew/Cellar/texlive/58837_1/share/texmf-dist/tex/latex/base/size12.cl
o
File: size12.clo 2020/04/10 v1.4m Standard LaTeX file (size option)
)
\c@part=\count179
\c@chapter=\count180
\c@section=\count181
\c@subsection=\count182
\c@subsubsection=\count183
\c@paragraph=\count184
\c@subparagraph=\count185
\c@figure=\count186
\c@table=\count187
\abovecaptionskip=\skip47
\belowcaptionskip=\skip48
\bibindent=\dimen138
)
(/opt/homebrew/Cellar/texlive/58837_1/share/texmf-dist/tex/latex/amsmath/amsmat
h.sty
Package: amsmath 2020/09/23 v2.17i AMS math features
\@mathmargin=\skip49

For additional information on amsmath, use the `?' option.

(/opt/homebrew/Cellar/texlive/58837_1/share/texmf-dist/tex/latex/amsmath/amstex
t.sty
Package: amstext 2000/06/29 v2.01 AMS text

(/opt/homebrew/Cellar/texlive/58837_1/share/texmf-dist/tex/latex/amsmath/amsgen
.sty
File: amsgen.sty 1999/11/30 v2.0 generic functions
\@emptytoks=\toks15
\ex@=\dimen139
))
(/opt/homebrew/Cellar/texlive/58837_1/share/texmf-dist/tex/latex/amsmath/amsbsy
.sty
Package: amsbsy 1999/11/29 v1.2d Bold Symbols
\pmbraise@=\dimen140
)
(/opt/homebrew/Cellar/texlive/58837_1/share/texmf-dist/tex/latex/amsmath/amsopn
.sty
Package: amsopn 2016/03/08 v2.02 operator names
)
\inf@bad=\count188
LaTeX Info: Redefining \frac on input line 234.
\uproot@=\count189
\leftroot@=\count190
LaTeX Info: Redefining \overline on input line 399.
\classnum@=\count191
\DOTSCASE@=\count192
LaTeX Info: Redefining \ldots on input line 496.
LaTeX Info: Redefining \dots on input line 499.
LaTeX Info: Redefining \cdots on input line 620.
\Mathstrutbox@=\box47
\strutbox@=\box48
\big@size=\dimen141
LaTeX Font Info:    Redeclaring font encoding OML on input line 743.
LaTeX Font Info:    Redeclaring font encoding OMS on input line 744.
\macc@depth=\count193
\c@MaxMatrixCols=\count194
\dotsspace@=\muskip16
\c@parentequation=\count195
\dspbrk@lvl=\count196
\tag@help=\toks16
\row@=\count197
\column@=\count198
\maxfields@=\count199
\andhelp@=\toks17
\eqnshift@=\dimen142
\alignsep@=\dimen143
\tagshift@=\dimen144
\tagwidth@=\dimen145
\totwidth@=\dimen146
\lineht@=\dimen147
\@envbody=\toks18
\multlinegap=\skip50
\multlinetaggap=\skip51
\mathdisplay@stack=\toks19
LaTeX Info: Redefining \[ on input line 2923.
LaTeX Info: Redefining \] on input line 2924.
)
(/opt/homebrew/Cellar/texlive/58837_1/share/texmf-dist/tex/latex/amsfonts/amsfo
nts.sty
Package: amsfonts 2013/01/14 v3.01 Basic AMSFonts support
\symAMSa=\mathgroup4
\symAMSb=\mathgroup5
LaTeX Font Info:    Redeclaring math symbol \hbar on input line 98.
LaTeX Font Info:    Overwriting math alphabet `\mathfrak' in version `bold'
(Font)                  U/euf/m/n --> U/euf/b/n on input line 106.
)
(/opt/homebrew/Cellar/texlive/58837_1/share/texmf-dist/tex/latex/graphics/graph
icx.sty
Package: graphicx 2020/09/09 v1.2b Enhanced LaTeX Graphics (DPC,SPQR)

(/opt/homebrew/Cellar/texlive/58837_1/share/texmf-dist/tex/latex/graphics/keyva
l.sty
Package: keyval 2014/10/28 v1.15 key=value parser (DPC)
\KV@toks@=\toks20
)
(/opt/homebrew/Cellar/texlive/58837_1/share/texmf-dist/tex/latex/graphics/graph
ics.sty
Package: graphics 2020/08/30 v1.4c Standard LaTeX Graphics (DPC,SPQR)

(/opt/homebrew/Cellar/texlive/58837_1/share/texmf-dist/tex/latex/graphics/trig.
sty
Package: trig 2016/01/03 v1.10 sin cos tan (DPC)
)
(/opt/homebrew/Cellar/texlive/58837_1/share/texmf-dist/tex/latex/graphics-cfg/g
raphics.cfg
File: graphics.cfg 2016/06/04 v1.11 sample graphics configuration
)
Package graphics Info: Driver file: pdftex.def on input line 105.

(/opt/homebrew/Cellar/texlive/58837_1/share/texmf-dist/tex/latex/graphics-def/p
dftex.def
File: pdftex.def 2020/10/05 v1.2a Graphics/color driver for pdftex
))
\Gin@req@height=\dimen148
\Gin@req@width=\dimen149
)
(/opt/homebrew/Cellar/texlive/58837_1/share/texmf-dist/tex/latex/base/latexsym.
sty
Package: latexsym 1998/08/17 v2.2e Standard LaTeX package (lasy symbols)
\symlasy=\mathgroup6
LaTeX Font Info:    Overwriting symbol font `lasy' in version `bold'
(Font)                  U/lasy/m/n --> U/lasy/b/n on input line 52.
)
(/opt/homebrew/Cellar/texlive/58837_1/share/texmf-dist/tex/latex/cite/overcite.
sty
Package: overcite 2003/05/27  v 4.0
)
(/opt/homebrew/Cellar/texlive/58837_1/share/texmf-dist/tex/latex/cite/cite.sty
LaTeX Info: Redefining \cite on input line 302.
LaTeX Info: Redefining \nocite on input line 332.
Package: cite 2015/02/27  v 5.5
LaTeX Info: Redefining \cite on input line 441.
)
(/opt/homebrew/Cellar/texlive/58837_1/share/texmf-dist/tex/latex/hyperref/hyper
ref.sty
Package: hyperref 2021-02-27 v7.00k Hypertext links for LaTeX

(/opt/homebrew/Cellar/texlive/58837_1/share/texmf-dist/tex/generic/ltxcmds/ltxc
mds.sty
Package: ltxcmds 2020-05-10 v1.25 LaTeX kernel commands for general use (HO)
)
(/opt/homebrew/Cellar/texlive/58837_1/share/texmf-dist/tex/generic/iftex/iftex.
sty
Package: iftex 2020/03/06 v1.0d TeX engine tests
)
(/opt/homebrew/Cellar/texlive/58837_1/share/texmf-dist/tex/generic/pdftexcmds/p
dftexcmds.sty
Package: pdftexcmds 2020-06-27 v0.33 Utility functions of pdfTeX for LuaTeX (HO
)

(/opt/homebrew/Cellar/texlive/58837_1/share/texmf-dist/tex/generic/infwarerr/in
fwarerr.sty
Package: infwarerr 2019/12/03 v1.5 Providing info/warning/error messages (HO)
)
Package pdftexcmds Info: \pdf@primitive is available.
Package pdftexcmds Info: \pdf@ifprimitive is available.
Package pdftexcmds Info: \pdfdraftmode found.
)
(/opt/homebrew/Cellar/texlive/58837_1/share/texmf-dist/tex/generic/kvsetkeys/kv
setkeys.sty
Package: kvsetkeys 2019/12/15 v1.18 Key value parser (HO)
)
(/opt/homebrew/Cellar/texlive/58837_1/share/texmf-dist/tex/generic/kvdefinekeys
/kvdefinekeys.sty
Package: kvdefinekeys 2019-12-19 v1.6 Define keys (HO)
)
(/opt/homebrew/Cellar/texlive/58837_1/share/texmf-dist/tex/generic/pdfescape/pd
fescape.sty
Package: pdfescape 2019/12/09 v1.15 Implements pdfTeX's escape features (HO)
)
(/opt/homebrew/Cellar/texlive/58837_1/share/texmf-dist/tex/latex/hycolor/hycolo
r.sty
Package: hycolor 2020-01-27 v1.10 Color options for hyperref/bookmark (HO)
)
(/opt/homebrew/Cellar/texlive/58837_1/share/texmf-dist/tex/latex/letltxmacro/le
tltxmacro.sty
Package: letltxmacro 2019/12/03 v1.6 Let assignment for LaTeX macros (HO)
)
(/opt/homebrew/Cellar/texlive/58837_1/share/texmf-dist/tex/latex/auxhook/auxhoo
k.sty
Package: auxhook 2019-12-17 v1.6 Hooks for auxiliary files (HO)
)
(/opt/homebrew/Cellar/texlive/58837_1/share/texmf-dist/tex/latex/kvoptions/kvop
tions.sty
Package: kvoptions 2020-10-07 v3.14 Key value format for package options (HO)
)
\@linkdim=\dimen150
\Hy@linkcounter=\count266
\Hy@pagecounter=\count267

(/opt/homebrew/Cellar/texlive/58837_1/share/texmf-dist/tex/latex/hyperref/pd1en
c.def
File: pd1enc.def 2021-02-27 v7.00k Hyperref: PDFDocEncoding definition (HO)
Now handling font encoding PD1 ...
... no UTF-8 mapping file for font encoding PD1
)
(/opt/homebrew/Cellar/texlive/58837_1/share/texmf-dist/tex/latex/hyperref/hyper
ref-langpatches.def
File: hyperref-langpatches.def 2021-02-27 v7.00k Hyperref: patches for babel la
nguages
)
(/opt/homebrew/Cellar/texlive/58837_1/share/texmf-dist/tex/generic/intcalc/intc
alc.sty
Package: intcalc 2019/12/15 v1.3 Expandable calculations with integers (HO)
)
(/opt/homebrew/Cellar/texlive/58837_1/share/texmf-dist/tex/generic/etexcmds/ete
xcmds.sty
Package: etexcmds 2019/12/15 v1.7 Avoid name clashes with e-TeX commands (HO)
)
\Hy@SavedSpaceFactor=\count268

(/opt/homebrew/Cellar/texlive/58837_1/share/texmf-dist/tex/latex/hyperref/puenc
.def
File: puenc.def 2021-02-27 v7.00k Hyperref: PDF Unicode definition (HO)
Now handling font encoding PU ...
... no UTF-8 mapping file for font encoding PU
)
Package hyperref Info: Option `colorlinks' set `true' on input line 4073.
Package hyperref Info: Option `bookmarksnumbered' set `true' on input line 4073
.
Package hyperref Info: Option `hyperindex' set `true' on input line 4073.
Package hyperref Info: Option `linktocpage' set `true' on input line 4073.
Package hyperref Info: Hyper figures OFF on input line 4192.
Package hyperref Info: Link nesting OFF on input line 4197.
Package hyperref Info: Hyper index ON on input line 4200.
Package hyperref Info: Plain pages OFF on input line 4207.
Package hyperref Info: Backreferencing OFF on input line 4212.
Package hyperref Info: Implicit mode ON; LaTeX internals redefined.
Package hyperref Info: Bookmarks ON on input line 4445.
\c@Hy@tempcnt=\count269

(/opt/homebrew/Cellar/texlive/58837_1/share/texmf-dist/tex/latex/url/url.sty
\Urlmuskip=\muskip17
Package: url 2013/09/16  ver 3.4  Verb mode for urls, etc.
)
LaTeX Info: Redefining \url on input line 4804.
\XeTeXLinkMargin=\dimen151

(/opt/homebrew/Cellar/texlive/58837_1/share/texmf-dist/tex/generic/bitset/bitse
t.sty
Package: bitset 2019/12/09 v1.3 Handle bit-vector datatype (HO)

(/opt/homebrew/Cellar/texlive/58837_1/share/texmf-dist/tex/generic/bigintcalc/b
igintcalc.sty
Package: bigintcalc 2019/12/15 v1.5 Expandable calculations on big integers (HO
)
))
\Fld@menulength=\count270
\Field@Width=\dimen152
\Fld@charsize=\dimen153
Package hyperref Info: Hyper figures OFF on input line 6075.
Package hyperref Info: Link nesting OFF on input line 6080.
Package hyperref Info: Hyper index ON on input line 6083.
Package hyperref Info: backreferencing OFF on input line 6090.
Package hyperref Info: Link coloring ON on input line 6093.
Package hyperref Info: Link coloring with OCG OFF on input line 6100.
Package hyperref Info: PDF/A mode OFF on input line 6105.
LaTeX Info: Redefining \ref on input line 6145.
LaTeX Info: Redefining \pageref on input line 6149.

(/opt/homebrew/Cellar/texlive/58837_1/share/texmf-dist/tex/latex/base/atbegshi-
ltx.sty
Package: atbegshi-ltx 2020/08/17 v1.0a Emulation of the original atbegshi packa
ge
with kernel methods
)
\Hy@abspage=\count271
\c@Item=\count272
\c@Hfootnote=\count273
)
Package hyperref Info: Driver (autodetected): hpdftex.

(/opt/homebrew/Cellar/texlive/58837_1/share/texmf-dist/tex/latex/hyperref/hpdft
ex.def
File: hpdftex.def 2021-02-27 v7.00k Hyperref driver for pdfTeX

(/opt/homebrew/Cellar/texlive/58837_1/share/texmf-dist/tex/latex/base/atveryend
-ltx.sty
Package: atveryend-ltx 2020/08/19 v1.0a Emulation of the original atvery packag
e
with kernel methods
)
\Fld@listcount=\count274
\c@bookmark@seq@number=\count275

(/opt/homebrew/Cellar/texlive/58837_1/share/texmf-dist/tex/latex/rerunfilecheck
/rerunfilecheck.sty
Package: rerunfilecheck 2019/12/05 v1.9 Rerun checks for auxiliary files (HO)

(/opt/homebrew/Cellar/texlive/58837_1/share/texmf-dist/tex/generic/uniquecounte
r/uniquecounter.sty
Package: uniquecounter 2019/12/15 v1.4 Provide unlimited unique counter (HO)
)
Package uniquecounter Info: New unique counter `rerunfilecheck' on input line 2
86.
)
\Hy@SectionHShift=\skip52
)
(/opt/homebrew/Cellar/texlive/58837_1/share/texmf-dist/tex/latex/l3backend/l3ba
ckend-pdftex.def
File: l3backend-pdftex.def 2021-03-18 L3 backend support: PDF output (pdfTeX)
\l__color_backend_stack_int=\count276
\l__pdf_internal_box=\box49
) (./manual_51.aux)
\openout1 = `manual_51.aux'.

LaTeX Font Info:    Checking defaults for OML/cmm/m/it on input line 101.
LaTeX Font Info:    ... okay on input line 101.
LaTeX Font Info:    Checking defaults for OMS/cmsy/m/n on input line 101.
LaTeX Font Info:    ... okay on input line 101.
LaTeX Font Info:    Checking defaults for OT1/cmr/m/n on input line 101.
LaTeX Font Info:    ... okay on input line 101.
LaTeX Font Info:    Checking defaults for T1/cmr/m/n on input line 101.
LaTeX Font Info:    ... okay on input line 101.
LaTeX Font Info:    Checking defaults for TS1/cmr/m/n on input line 101.
LaTeX Font Info:    ... okay on input line 101.
LaTeX Font Info:    Checking defaults for OMX/cmex/m/n on input line 101.
LaTeX Font Info:    ... okay on input line 101.
LaTeX Font Info:    Checking defaults for U/cmr/m/n on input line 101.
LaTeX Font Info:    ... okay on input line 101.
LaTeX Font Info:    Checking defaults for PD1/pdf/m/n on input line 101.
LaTeX Font Info:    ... okay on input line 101.
LaTeX Font Info:    Checking defaults for PU/pdf/m/n on input line 101.
LaTeX Font Info:    ... okay on input line 101.

(/opt/homebrew/Cellar/texlive/58837_1/share/texmf-dist/tex/context/base/mkii/su
pp-pdf.mkii
[Loading MPS to PDF converter (version 2006.09.02).]
\scratchcounter=\count277
\scratchdimen=\dimen154
\scratchbox=\box50
\nofMPsegments=\count278
\nofMParguments=\count279
\everyMPshowfont=\toks21
\MPscratchCnt=\count280
\MPscratchDim=\dimen155
\MPnumerator=\count281
\makeMPintoPDFobject=\count282
\everyMPtoPDFconversion=\toks22
)
(/opt/homebrew/Cellar/texlive/58837_1/share/texmf-dist/tex/latex/epstopdf-pkg/e
pstopdf-base.sty
Package: epstopdf-base 2020-01-24 v2.11 Base part for package epstopdf
Package epstopdf-base Info: Redefining graphics rule for `.eps' on input line 4
85.

(/opt/homebrew/Cellar/texlive/58837_1/share/texmf-dist/tex/latex/latexconfig/ep
stopdf-sys.cfg
File: epstopdf-sys.cfg 2010/07/13 v1.3 Configuration of (r)epstopdf for TeX Liv
e
))
(/opt/homebrew/Cellar/texlive/58837_1/share/texmf-dist/tex/latex/graphics/color
.sty
Package: color 2020/02/24 v1.2b Standard LaTeX Color (DPC)

(/opt/homebrew/Cellar/texlive/58837_1/share/texmf-dist/tex/latex/graphics-cfg/c
olor.cfg
File: color.cfg 2016/01/02 v1.6 sample color configuration
)
Package color Info: Driver file: pdftex.def on input line 147.
)
Package hyperref Info: Link coloring ON on input line 101.

(/opt/homebrew/Cellar/texlive/58837_1/share/texmf-dist/tex/latex/hyperref/namer
ef.sty
Package: nameref 2021-04-02 v2.47 Cross-referencing by name of section

(/opt/homebrew/Cellar/texlive/58837_1/share/texmf-dist/tex/latex/refcount/refco
unt.sty
Package: refcount 2019/12/15 v3.6 Data extraction from label references (HO)
)
(/opt/homebrew/Cellar/texlive/58837_1/share/texmf-dist/tex/generic/gettitlestri
ng/gettitlestring.sty
Package: gettitlestring 2019/12/15 v1.6 Cleanup title references (HO)
)
\c@section@level=\count283
)
LaTeX Info: Redefining \ref on input line 101.
LaTeX Info: Redefining \pageref on input line 101.
LaTeX Info: Redefining \nameref on input line 101.
 (./manual_51.out) (./manual_51.out)
\@outlinefile=\write3
\openout3 = `manual_51.out'.

LaTeX Font Info:    Trying to load font information for U+msa on input line 104
.

(/opt/homebrew/Cellar/texlive/58837_1/share/texmf-dist/tex/latex/amsfonts/umsa.
fd
File: umsa.fd 2013/01/14 v3.01 AMS symbols A
)
LaTeX Font Info:    Trying to load font information for U+msb on input line 104
.

(/opt/homebrew/Cellar/texlive/58837_1/share/texmf-dist/tex/latex/amsfonts/umsb.
fd
File: umsb.fd 2013/01/14 v3.01 AMS symbols B
)
LaTeX Font Info:    Trying to load font information for U+lasy on input line 10
4.

(/opt/homebrew/Cellar/texlive/58837_1/share/texmf-dist/tex/latex/base/ulasy.fd
File: ulasy.fd 1998/08/17 v2.2e LaTeX symbol font definitions
) [1

{/opt/homebrew/Cellar/texlive/58837_1/share/texmf-dist/fonts/map/pdftex/updmap/
pdftex.map}] (./manual_51.toc [1

] [2])
\tf@toc=\write4
\openout4 = `manual_51.toc'.

 [3] (./sect1.tex
Chapter 1.
pdfTeX warning (ext4): destination with the same identifier (name{page.1}) has 
been already used, duplicate ignored
<to be read again> 
                   \relax 
l.42 U
      sers also may add new features for model description and command language
[1

]) (./sect2.tex [2]
Chapter 2.
[3

]) (./sect4.tex [4] [5]
Chapter 3.
) (./sect5.tex [6

]
Chapter 4.
[7

] [8] [9] [10]) (./sect6.tex [11]
Chapter 5.

Overfull \hbox (5.2986pt too wide) in paragraph at lines 14--18
[]\OT1/cmr/m/n/12 A start/title record which must have as the first four non-bl
ank char-ac-ters \OT1/cmr/m/sl/12 FEAPpv
 []

[12

]) (./sect7.tex [13]) (./sect10.tex [14]
<figs/fig7_1.pdf, id=528, 364.36125pt x 348.30125pt>
File: figs/fig7_1.pdf Graphic file (type pdf)
<use figs/fig7_1.pdf>
Package pdftex.def Info: figs/fig7_1.pdf  used on input line 22.
(pdftex.def)             Requested size: 115.63243pt x 110.53392pt.
 [15 <./figs/fig7_1.pdf>] [16]
<figs/fig7_2.pdf, id=544, 345.29pt x 354.32375pt>
File: figs/fig7_2.pdf Graphic file (type pdf)
<use figs/fig7_2.pdf>
Package pdftex.def Info: figs/fig7_2.pdf  used on input line 147.
(pdftex.def)             Requested size: 115.63243pt x 118.65729pt.

[17] [18 <./figs/fig7_2.pdf>] [19]
<figs/figb1.pdf, id=565, 318.18875pt x 211.79124pt>
File: figs/figb1.pdf Graphic file (type pdf)
<use figs/figb1.pdf>
Package pdftex.def Info: figs/figb1.pdf  used on input line 284.
(pdftex.def)             Requested size: 260.17244pt x 173.17226pt.
 [20 <./figs/figb1.pdf>] [21]
<figs/figb3a.pdf, id=587, 337.26pt x 197.73875pt>
File: figs/figb3a.pdf Graphic file (type pdf)
<use figs/figb3a.pdf>
Package pdftex.def Info: figs/figb3a.pdf  used on input line 412.
(pdftex.def)             Requested size: 180.67499pt x 105.9325pt.
<figs/figb3b.pdf, id=588, 337.26pt x 187.70125pt>
File: figs/figb3b.pdf Graphic file (type pdf)
<use figs/figb3b.pdf>
Package pdftex.def Info: figs/figb3b.pdf  used on input line 412.
(pdftex.def)             Requested size: 180.67499pt x 100.55522pt.
) (./sect9.tex
[22] [23 <./figs/figb3a.pdf> <./figs/figb3b.pdf>] [24]) (./sect8.tex [25])
(./sect11.tex [26] [27] [28] [29] [30]
LaTeX Font Info:    Font shape `U/lasy/b/n' in size <8> not available
(Font)              Font shape `U/lasy/m/n' tried instead on input line 259.
LaTeX Font Info:    Font shape `U/lasy/b/n' in size <6> not available
(Font)              Font shape `U/lasy/m/n' tried instead on input line 259.
) (./sect11p.tex [31]) (./sect12.tex
[32] [33] [34
Non-PDF special ignored!
<special> em:linewidth 0.4pt
]) (./sect5il.tex [35] [36]
<figs/lp2blk.pdf, id=681, 337.26pt x 138.5175pt>
File: figs/lp2blk.pdf Graphic file (type pdf)
<use figs/lp2blk.pdf>
Package pdftex.def Info: figs/lp2blk.pdf  used on input line 111.
(pdftex.def)             Requested size: 387.11522pt x 158.99377pt.
 [37 <./figs/lp2blk.pdf>]
<figs/wheel5.pdf, id=690, 337.26pt x 337.26pt>
File: figs/wheel5.pdf Graphic file (type pdf)
<use figs/wheel5.pdf>
Package pdftex.def Info: figs/wheel5.pdf  used on input line 171.
(pdftex.def)             Requested size: 252.94952pt x 252.94499pt.
<figs/wheelsg.pdf, id=694, 337.26pt x 243.91125pt>
File: figs/wheelsg.pdf Graphic file (type pdf)
<use figs/wheelsg.pdf>
Package pdftex.def Info: figs/wheelsg.pdf  used on input line 204.
(pdftex.def)             Requested size: 199.85652pt x 144.54pt.
 [38 <./figs/wheel5.pdf>]

LaTeX Warning: Text page 39 contains only floats.

[39 <./figs/wheelsg.pdf>]) (./sect13a.tex [40]
Chapter 6.
[41

] [42] [43] [44] [45] [46]) (./sect13b.tex [47]
Chapter 7.
[48

] [49] [50] [51] [52] [53] [54] [55] [56] [57]

Package hyperref Warning: Token not allowed in a PDF string (Unicode):
(hyperref)                removing `\\' on input line 610.

[58]) (./sect14.tex [59] [60]
Chapter 8.
) (./sect15.tex [61

]
Chapter 9.
[62

]) (./sect17a.tex [63]
Chapter 10.
[64

] [65] [66] [67] [68] [69] [70] [71] [72] [73] [74]) (./sect17b.tex [75]
[76] [77] [78] [79]
Overfull \hbox (16.3579pt too wide) in paragraph at lines 231--231
[]\OT1/cmr/bx/n/17.28 Re-executing Com-mands: HIS-TORY Com-mand 
 []

[80] [81]) (./sect18.tex [82]
Chapter 11.
[83

] [84] [85] [86]
<figs/fig4.pdf, id=1077, 342.27875pt x 359.3425pt>
File: figs/fig4.pdf Graphic file (type pdf)
<use figs/fig4.pdf>
Package pdftex.def Info: figs/fig4.pdf  used on input line 204.
(pdftex.def)             Requested size: 202.35622pt x 212.44888pt.
<figs/fig5.pdf, id=1080, 561.09625pt x 363.3575pt>
File: figs/fig5.pdf Graphic file (type pdf)
<use figs/fig5.pdf>
Package pdftex.def Info: figs/fig5.pdf  used on input line 226.
(pdftex.def)             Requested size: 346.89621pt x 224.64171pt.
 [87 <./figs/fig4.pdf>]) (./manual_51.bbl [88 <./figs/fig5.pdf>] [89

]) (../lmesh/appenda.tex (../lmesh/feap_in.tex) [90]
Appendix A.
[91

] (../lmesh/alfeap.tex [92] [93]) (../lmesh/starele.tex [94])
(../lmesh/starnod.tex [95]) (../lmesh/angl.tex
<../lmesh/angcor.pdf, id=1136, 494.84875pt x 384.43625pt>
File: ../lmesh/angcor.pdf Graphic file (type pdf)
<use ../lmesh/angcor.pdf>
Package pdftex.def Info: ../lmesh/angcor.pdf  used on input line 35.
(pdftex.def)             Requested size: 252.94499pt x 196.5057pt.
 [96] [97 <../lmesh/angcor.pdf>]) (../lmesh/blen.tex [98] [99]) (../lmesh/bloc.
tex [100]
<../lmesh/block.pdf, id=1175, 387.4475pt x 399.4925pt>
File: ../lmesh/block.pdf Graphic file (type pdf)
<use ../lmesh/block.pdf>
Package pdftex.def Info: ../lmesh/block.pdf  used on input line 69.
(pdftex.def)             Requested size: 224.03743pt x 231.00479pt.
<figs/blk3a.pdf, id=1178, 293.095pt x 346.29375pt>
File: figs/blk3a.pdf Graphic file (type pdf)
<use figs/blk3a.pdf>
Package pdftex.def Info: figs/blk3a.pdf  used on input line 133.
(pdftex.def)             Requested size: 224.03743pt x 264.6972pt.
<figs/blk3b.pdf, id=1179, 308.15125pt x 355.3275pt>
File: figs/blk3b.pdf Graphic file (type pdf)
<use figs/blk3b.pdf>
Package pdftex.def Info: figs/blk3b.pdf  used on input line 139.
(pdftex.def)             Requested size: 224.03743pt x 258.34048pt.
<figs/blk3c.pdf, id=1180, 293.095pt x 344.28625pt>
File: figs/blk3c.pdf Graphic file (type pdf)
<use figs/blk3c.pdf>
Package pdftex.def Info: figs/blk3c.pdf  used on input line 145.
(pdftex.def)             Requested size: 224.03743pt x 263.16272pt.
) [101 <../lmesh/block.pdf>] [102]

LaTeX Warning: Text page 103 contains only floats.

[103 <./figs/blk3a.pdf> <./figs/blk3b.pdf>] [104 <./figs/blk3c.pdf>]
(../lmesh/boun.tex [105] [106]) (../lmesh/btem.tex [107] [108])
(../lmesh/cang.tex
File: ../lmesh/angcor.pdf Graphic file (type pdf)
<use ../lmesh/angcor.pdf>
Package pdftex.def Info: ../lmesh/angcor.pdf  used on input line 36.
(pdftex.def)             Requested size: 252.94499pt x 196.5057pt.
 [109] [110] [111]) (../lmesh/cbou.tex [112] [113] [114])
(../lmesh/cdis.tex [115] [116]) (../lmesh/cfor.tex [117] [118])
(../lmesh/cpro.tex [119] [120] [121]) (../lmesh/coor.tex [122])
(../lmesh/csur.tex [123] [124] [125]) (../lmesh/debu.tex [126])
(../lmesh/disp.tex [127]) (../lmesh/eang.tex [128]) (../lmesh/ebou.tex [129])
(../lmesh/edis.tex [130] [131]) (../lmesh/efor.tex [132] [133])
(../lmesh/elem.tex [134] [135]) (../lmesh/end.tex [136]) (../lmesh/epro.tex
[137]) (../lmesh/ereg.tex [138]) (../lmesh/forc.tex [139] [140])
(../lmesh/fpro.tex [141] [142]) (../lmesh/glob.tex [143]) (../lmesh/incl.tex
[144]) (../lmesh/loop.tex [145]) (../lmesh/manu.tex [146]) (../lmesh/mate.tex
[147] [148]) (../lmesh/next.tex [149]) (../lmesh/nopa.tex [150])
(../lmesh/nopr.tex [151]) (../lmesh/para.tex [152] [153]) (../lmesh/pars.tex
[154]) (../lmesh/peri.tex [155] [156]) (../lmesh/pola.tex [157])
(../lmesh/prin.tex [158]) (../lmesh/regi.tex [159]) (../lmesh/rese.tex [160])
(../lmesh/shif.tex [161]) (../lmesh/side.tex [162] [163]) (../lmesh/snod.tex
[164]) (../lmesh/temp.tex [165]) (../lmesh/titl.tex [166]) (../lmesh/tran.tex
[167] [168])) (../lmani/appendb.tex
Appendix B.
[169

] (../lmani/link.tex [170] [171]) (../lmani/manu.tex [172])
(../lmani/rema.tex [173]) (../lmani/tie.tex [174])) (../lmacr/appendc.tex
Appendix C.
[175

] (../lmacr/aamac.tex [176]) (../lmacr/acce.tex [177]) (../lmacr/arcl.tex
[178]) (../lmacr/augm.tex [179]) (../lmacr/back.tex [180]) (../lmacr/bfgs.tex
[181]) (../lmacr/chec.tex [182]) (../lmacr/comm.tex [183]) (../lmacr/damp.tex
[184]) (../lmacr/data.tex [185]) (../lmacr/debu.tex [186]) (../lmacr/dire.tex
[187]) (../lmacr/disp.tex [188]) (../lmacr/dsol.tex [189]) (../lmacr/dt.tex
[190]) (../lmacr/eige.tex [191]) (../lmacr/eigv.tex [192]) (../lmacr/else.tex
[193]) (../lmacr/end.tex [194]) (../lmacr/endi.tex [195]) (../lmacr/epri.tex
[196]) (../lmacr/exit.tex [197]) (../lmacr/form.tex [198]) (../lmacr/geom.tex
[199]) (../lmacr/help.tex [200]) (../lmacr/hill.tex [201]) (../lmacr/hist.tex
[202] [203]) (../lmacr/iden.tex [204]) (../lmacr/if.tex [205])
(../lmacr/init.tex [206]) (../lmacr/iter.tex [207]) (../lmacr/loop.tex [208])
(../lmacr/manu.tex [209]) (../lmacr/mass.tex [210]) (../lmacr/mesh.tex [211])
(../lmacr/newf.tex [212]) (../lmacr/next.tex [213]) (../lmacr/nopr.tex [214])
(../lmacr/opti.tex [215]) (../lmacr/plot.tex [216]) (../lmacr/prin.tex [217])
(../lmacr/prop.tex [218] [219]) (../lmacr/quit.tex [220]) (../lmacr/reac.tex
[221] [222]) (../lmacr/read.tex [223]) (../lmacr/rest.tex [224])
(../lmacr/save.tex [225]) (../lmacr/show.tex [226]) (../lmacr/solv.tex [227])
(../lmacr/stre.tex [228]) (../lmacr/subs.tex [229]) (../lmacr/tang.tex [230]
[231]) (../lmacr/time.tex [232] [233]) (../lmacr/tol.tex [234] [235])
(../lmacr/tplo.tex [236] [237]) (../lmacr/tran.tex [238] [239])
(../lmacr/utan.tex [240]) (../lmacr/velo.tex [241]) (../lmacr/writ.tex [242]))
(../lplot/appendd.tex
Appendix D.
[243

] (../lplot/acce.tex [244]) (../lplot/axis.tex [245]) (../lplot/boun.tex
[246]) (../lplot/cart.tex [247]) (../lplot/cent.tex [248]) (../lplot/colo.tex
[249]) (../lplot/cont.tex [250]) (../lplot/defa.tex [251]) (../lplot/defo.tex
[252]) (../lplot/disp.tex [253]) (../lplot/dofs.tex [254]) (../lplot/eigv.tex
[255]) (../lplot/elem.tex [256]) (../lplot/estr.tex [257]) (../lplot/fact.tex
[258]) (../lplot/fill.tex [259]) (../lplot/fram.tex [260]) (../lplot/hide.tex
[261]) (../lplot/line.tex [262]) (../lplot/load.tex [263]) (../lplot/manu.tex
[264]) (../lplot/mate.tex [265]) (../lplot/mesh.tex [266]) (../lplot/node.tex
[267]) (../lplot/nora.tex [268]) (../lplot/outl.tex [269]) (../lplot/pers.tex
[270]) (../lplot/post.tex [271]) (../lplot/prof.tex [272]) (../lplot/prom.tex
[273]) (../lplot/pstr.tex [274]) (../lplot/rang.tex [275]) (../lplot/reac.tex
[276]) (../lplot/scal.tex [277]) (../lplot/snod.tex [278]) (../lplot/stre.tex
[279]) (../lplot/unde.tex [280]) (../lplot/velo.tex [281]) (../lplot/zoom.tex
[282])) (./manual_51.aux)
Package rerunfilecheck Info: File `manual_51.out' has not changed.
(rerunfilecheck)             Checksum: 8A6DDBF5B629A11C3E4236B2A7C92361;15878.
 ) 
Here is how much of TeX's memory you used:
 10196 strings out of 478994
 146623 string characters out of 5848625
 452536 words of memory out of 5000000
 26422 multiletter control sequences out of 15000+600000
 420474 words of font info for 95 fonts, out of 8000000 for 9000
 1141 hyphenation exceptions out of 8191
 71i,10n,74p,406b,567s stack positions out of 5000i,500n,10000p,200000b,80000s
</opt/homebrew/Cellar/texlive/58837_1/share/texmf-dist/fonts/type1/public/ams
fonts/cm/cmbx12.pfb></opt/homebrew/Cellar/texlive/58837_1/share/texmf-dist/font
s/type1/public/amsfonts/cm/cmex10.pfb></opt/homebrew/Cellar/texlive/58837_1/sha
re/texmf-dist/fonts/type1/public/amsfonts/cm/cmmi12.pfb></opt/homebrew/Cellar/t
exlive/58837_1/share/texmf-dist/fonts/type1/public/amsfonts/cm/cmmi8.pfb></opt/
homebrew/Cellar/texlive/58837_1/share/texmf-dist/fonts/type1/public/amsfonts/cm
/cmmib10.pfb></opt/homebrew/Cellar/texlive/58837_1/share/texmf-dist/fonts/type1
/public/amsfonts/cm/cmr10.pfb></opt/homebrew/Cellar/texlive/58837_1/share/texmf
-dist/fonts/type1/public/amsfonts/cm/cmr12.pfb></opt/homebrew/Cellar/texlive/58
837_1/share/texmf-dist/fonts/type1/public/amsfonts/cm/cmr6.pfb></opt/homebrew/C
ellar/texlive/58837_1/share/texmf-dist/fonts/type1/public/amsfonts/cm/cmr7.pfb>
</opt/homebrew/Cellar/texlive/58837_1/share/texmf-dist/fonts/type1/public/amsfo
nts/cm/cmr8.pfb></opt/homebrew/Cellar/texlive/58837_1/share/texmf-dist/fonts/ty
pe1/public/amsfonts/cm/cmsl12.pfb></opt/homebrew/Cellar/texlive/58837_1/share/t
exmf-dist/fonts/type1/public/amsfonts/cm/cmsy10.pfb></opt/homebrew/Cellar/texli
ve/58837_1/share/texmf-dist/fonts/type1/public/amsfonts/cm/cmsy8.pfb></opt/home
brew/Cellar/texlive/58837_1/share/texmf-dist/fonts/type1/public/amsfonts/cm/cmt
i12.pfb></opt/homebrew/Cellar/texlive/58837_1/share/texmf-dist/fonts/type1/publ
ic/amsfonts/cm/cmtt10.pfb></opt/homebrew/Cellar/texlive/58837_1/share/texmf-dis
t/fonts/type1/public/amsfonts/cm/cmtt12.pfb></opt/homebrew/Cellar/texlive/58837
_1/share/texmf-dist/fonts/type1/public/amsfonts/latxfont/lcircle1.pfb></opt/hom
ebrew/Cellar/texlive/58837_1/share/texmf-dist/fonts/type1/public/amsfonts/latxf
ont/line10.pfb>
Output written on manual_51.pdf (286 pages, 709080 bytes).
PDF statistics:
 2204 PDF objects out of 2487 (max. 8388607)
 1864 compressed objects within 19 object streams
 600 named destinations out of 1000 (max. 500000)
 684 words of extra memory for PDF output out of 10000 (max. 10000000)

