\BOOKMARK [0][-]{chapter.1}{1 Introduction}{}% 1
\BOOKMARK [0][-]{chapter.2}{2 Problem Definition}{}% 2
\BOOKMARK [1][-]{section.2.1}{2.1 Execution of FEAPpv and Input/Output Files.}{chapter.2}% 3
\BOOKMARK [1][-]{section.2.2}{2.2 Modification of Default Options}{chapter.2}% 4
\BOOKMARK [0][-]{chapter.3}{3 Manual Organization}{}% 5
\BOOKMARK [0][-]{chapter.4}{4 Input Records}{}% 6
\BOOKMARK [1][-]{section.4.1}{4.1 Constants}{chapter.4}% 7
\BOOKMARK [1][-]{section.4.2}{4.2 Parameters}{chapter.4}% 8
\BOOKMARK [1][-]{section.4.3}{4.3 Expressions}{chapter.4}% 9
\BOOKMARK [1][-]{section.4.4}{4.4 Functions}{chapter.4}% 10
\BOOKMARK [0][-]{chapter.5}{5 Mesh Input Data}{}% 11
\BOOKMARK [1][-]{section.5.1}{5.1 Start of Problem and Control Information}{chapter.5}% 12
\BOOKMARK [1][-]{section.5.2}{5.2 Global Data}{chapter.5}% 13
\BOOKMARK [1][-]{section.5.3}{5.3 Nodal Coordinate and Element Connections}{chapter.5}% 14
\BOOKMARK [2][-]{subsection.5.3.1}{5.3.1 The COORdinate Command}{section.5.3}% 15
\BOOKMARK [2][-]{subsection.5.3.2}{5.3.2 The ELEMent Command}{section.5.3}% 16
\BOOKMARK [2][-]{subsection.5.3.3}{5.3.3 The BLOCk Command}{section.5.3}% 17
\BOOKMARK [2][-]{subsection.5.3.4}{5.3.4 The BLENd Command}{section.5.3}% 18
\BOOKMARK [1][-]{section.5.4}{5.4 Coordinate and Transformation Systems}{chapter.5}% 19
\BOOKMARK [2][-]{subsection.5.4.1}{5.4.1 Coordinate Transformation}{section.5.4}% 20
\BOOKMARK [1][-]{section.5.5}{5.5 Regions and Element Groups}{chapter.5}% 21
\BOOKMARK [1][-]{section.5.6}{5.6 Nodal Boundary Condition Inputs}{chapter.5}% 22
\BOOKMARK [2][-]{subsection.5.6.1}{5.6.1 Basic input form.}{section.5.6}% 23
\BOOKMARK [2][-]{subsection.5.6.2}{5.6.2 Edge input form.}{section.5.6}% 24
\BOOKMARK [2][-]{subsection.5.6.3}{5.6.3 Coordinate input form.}{section.5.6}% 25
\BOOKMARK [2][-]{subsection.5.6.4}{5.6.4 Hierarchy of input forms.}{section.5.6}% 26
\BOOKMARK [2][-]{subsection.5.6.5}{5.6.5 Time dependent load functions}{section.5.6}% 27
\BOOKMARK [1][-]{section.5.7}{5.7 Surface Loading}{chapter.5}% 28
\BOOKMARK [1][-]{section.5.8}{5.8 INCLude and LOOPing: Data reuse}{chapter.5}% 29
\BOOKMARK [2][-]{subsection.5.8.1}{5.8.1 Include Commands in Mesh Input}{section.5.8}% 30
\BOOKMARK [2][-]{subsection.5.8.2}{5.8.2 READ and SAVE Commands in Mesh Input}{section.5.8}% 31
\BOOKMARK [2][-]{subsection.5.8.3}{5.8.3 LOOP-NEXT to replicate mesh parts}{section.5.8}% 32
\BOOKMARK [0][-]{chapter.6}{6 Element Library}{}% 33
\BOOKMARK [0][-]{chapter.7}{7 Material Models}{}% 34
\BOOKMARK [1][-]{section.7.1}{7.1 Orthotropic Linear Elastic Models}{chapter.7}% 35
\BOOKMARK [1][-]{section.7.2}{7.2 Isotropic Linear Elastic Models}{chapter.7}% 36
\BOOKMARK [1][-]{section.7.3}{7.3 Isotropic Finite Deformation Elastic Models}{chapter.7}% 37
\BOOKMARK [2][-]{subsection.7.3.1}{7.3.1 St. Venant-Kirchhoff}{section.7.3}% 38
\BOOKMARK [2][-]{subsection.7.3.2}{7.3.2 Neo-Hookean and Modified Neo-Hookean Models}{section.7.3}% 39
\BOOKMARK [1][-]{section.7.4}{7.4 Rayleigh Damping}{chapter.7}% 40
\BOOKMARK [1][-]{section.7.5}{7.5 Viscoelastic Models}{chapter.7}% 41
\BOOKMARK [1][-]{section.7.6}{7.6 Plasticity Models}{chapter.7}% 42
\BOOKMARK [1][-]{section.7.7}{7.7 Heat Conduction Material Models}{chapter.7}% 43
\BOOKMARK [1][-]{section.7.8}{7.8 Mass Matrix Type Specification}{chapter.7}% 44
\BOOKMARK [1][-]{section.7.9}{7.9 Element Cross Section and Load Specification}{chapter.7}% 45
\BOOKMARK [2][-]{subsection.7.9.1}{7.9.1 Resultant formulations}{section.7.9}% 46
\BOOKMARK [1][-]{section.7.10}{7.10 Miscellaneous Material Set Parameter \040Specifications}{chapter.7}% 47
\BOOKMARK [0][-]{chapter.8}{8 End and Miscellaneous Commands}{}% 48
\BOOKMARK [0][-]{chapter.9}{9 Mesh Manipulation Commands}{}% 49
\BOOKMARK [1][-]{section.9.1}{9.1 The TIE Command}{chapter.9}% 50
\BOOKMARK [1][-]{section.9.2}{9.2 The LINK Command}{chapter.9}% 51
\BOOKMARK [0][-]{chapter.10}{10 Command Language Programs}{}% 52
\BOOKMARK [1][-]{section.10.1}{10.1 Problem Solving}{chapter.10}% 53
\BOOKMARK [2][-]{subsection.10.1.1}{10.1.1 Solution of Non-linear Problems}{section.10.1}% 54
\BOOKMARK [2][-]{subsection.10.1.2}{10.1.2 Solution of linear equations}{section.10.1}% 55
\BOOKMARK [1][-]{section.10.2}{10.2 Transient Solutions}{chapter.10}% 56
\BOOKMARK [2][-]{subsection.10.2.1}{10.2.1 Quasi-static solutions}{section.10.2}% 57
\BOOKMARK [2][-]{subsection.10.2.2}{10.2.2 First order transient solutions}{section.10.2}% 58
\BOOKMARK [2][-]{subsection.10.2.3}{10.2.3 Second order transient solutions}{section.10.2}% 59
\BOOKMARK [1][-]{section.10.3}{10.3 Transient Solution of Linear Problems}{chapter.10}% 60
\BOOKMARK [1][-]{section.10.4}{10.4 Time Dependent Loading}{chapter.10}% 61
\BOOKMARK [1][-]{section.10.5}{10.5 Continuation Methods: Arclength Solution}{chapter.10}% 62
\BOOKMARK [1][-]{section.10.6}{10.6 Augmented Solutions}{chapter.10}% 63
\BOOKMARK [1][-]{section.10.7}{10.7 Time History Plots}{chapter.10}% 64
\BOOKMARK [1][-]{section.10.8}{10.8 Viewing Solution Data: SHOW Command}{chapter.10}% 65
\BOOKMARK [1][-]{section.10.9}{10.9 Re-executing Commands: HISTORY Command}{chapter.10}% 66
\BOOKMARK [1][-]{section.10.10}{10.10 Solutions Using Procedures}{chapter.10}% 67
\BOOKMARK [1][-]{section.10.11}{10.11 Output of Element Arrays}{chapter.10}% 68
\BOOKMARK [0][-]{chapter.11}{11 Plot Outputs}{}% 69
\BOOKMARK [1][-]{section.11.1}{11.1 Screen Plots}{chapter.11}% 70
\BOOKMARK [1][-]{section.11.2}{11.2 PostScript Plots}{chapter.11}% 71
\BOOKMARK [0][-]{appendix.A}{A Mesh Manual}{}% 72
\BOOKMARK [0][-]{appendix.B}{B Mesh Manipulation Manual}{}% 73
\BOOKMARK [0][-]{appendix.C}{C Solution Command Manual}{}% 74
\BOOKMARK [0][-]{appendix.D}{D Plot Manual}{}% 75
