This is pdfTeX, Version 3.14159265-2.6-1.40.19 (TeX Live 2018/MacPorts 2018.47642_8) (preloaded format=pdflatex 2019.3.30)  1 APR 2019 17:52
entering extended mode
 restricted \write18 enabled.
 %&-line parsing enabled.
**manual
(./manual.tex
LaTeX2e <2018-04-01> patch level 2
Babel <3.18> and hyphenation patterns for 46 language(s) loaded.
(/opt/local/share/texmf-texlive/tex/latex/base/report.cls
Document Class: report 2014/09/29 v1.4h Standard LaTeX document class
(/opt/local/share/texmf-texlive/tex/latex/base/size12.clo
File: size12.clo 2014/09/29 v1.4h Standard LaTeX file (size option)
)
\c@part=\count80
\c@chapter=\count81
\c@section=\count82
\c@subsection=\count83
\c@subsubsection=\count84
\c@paragraph=\count85
\c@subparagraph=\count86
\c@figure=\count87
\c@table=\count88
\abovecaptionskip=\skip41
\belowcaptionskip=\skip42
\bibindent=\dimen102
)
(/opt/local/share/texmf-texlive/tex/latex/hyperref/hyperref.sty
Package: hyperref 2018/02/06 v6.86b Hypertext links for LaTeX

(/opt/local/share/texmf-texlive/tex/generic/oberdiek/hobsub-hyperref.sty
Package: hobsub-hyperref 2016/05/16 v1.14 Bundle oberdiek, subset hyperref (HO)


(/opt/local/share/texmf-texlive/tex/generic/oberdiek/hobsub-generic.sty
Package: hobsub-generic 2016/05/16 v1.14 Bundle oberdiek, subset generic (HO)
Package: hobsub 2016/05/16 v1.14 Construct package bundles (HO)
Package: infwarerr 2016/05/16 v1.4 Providing info/warning/error messages (HO)
Package: ltxcmds 2016/05/16 v1.23 LaTeX kernel commands for general use (HO)
Package: ifluatex 2016/05/16 v1.4 Provides the ifluatex switch (HO)
Package ifluatex Info: LuaTeX not detected.
Package: ifvtex 2016/05/16 v1.6 Detect VTeX and its facilities (HO)
Package ifvtex Info: VTeX not detected.
Package: intcalc 2016/05/16 v1.2 Expandable calculations with integers (HO)
Package: ifpdf 2017/03/15 v3.2 Provides the ifpdf switch
Package: etexcmds 2016/05/16 v1.6 Avoid name clashes with e-TeX commands (HO)
Package etexcmds Info: Could not find \expanded.
(etexcmds)             That can mean that you are not using pdfTeX 1.50 or
(etexcmds)             that some package has redefined \expanded.
(etexcmds)             In the latter case, load this package earlier.
Package: kvsetkeys 2016/05/16 v1.17 Key value parser (HO)
Package: kvdefinekeys 2016/05/16 v1.4 Define keys (HO)
Package: pdftexcmds 2018/01/30 v0.27 Utility functions of pdfTeX for LuaTeX (HO
)
Package pdftexcmds Info: LuaTeX not detected.
Package pdftexcmds Info: \pdf@primitive is available.
Package pdftexcmds Info: \pdf@ifprimitive is available.
Package pdftexcmds Info: \pdfdraftmode found.
Package: pdfescape 2016/05/16 v1.14 Implements pdfTeX's escape features (HO)
Package: bigintcalc 2016/05/16 v1.4 Expandable calculations on big integers (HO
)
Package: bitset 2016/05/16 v1.2 Handle bit-vector datatype (HO)
Package: uniquecounter 2016/05/16 v1.3 Provide unlimited unique counter (HO)
)
Package hobsub Info: Skipping package `hobsub' (already loaded).
Package: letltxmacro 2016/05/16 v1.5 Let assignment for LaTeX macros (HO)
Package: hopatch 2016/05/16 v1.3 Wrapper for package hooks (HO)
Package: xcolor-patch 2016/05/16 xcolor patch
Package: atveryend 2016/05/16 v1.9 Hooks at the very end of document (HO)
Package atveryend Info: \enddocument detected (standard20110627).
Package: atbegshi 2016/06/09 v1.18 At begin shipout hook (HO)
Package: refcount 2016/05/16 v3.5 Data extraction from label references (HO)
Package: hycolor 2016/05/16 v1.8 Color options for hyperref/bookmark (HO)
)
(/opt/local/share/texmf-texlive/tex/latex/graphics/keyval.sty
Package: keyval 2014/10/28 v1.15 key=value parser (DPC)
\KV@toks@=\toks14
)
(/opt/local/share/texmf-texlive/tex/generic/ifxetex/ifxetex.sty
Package: ifxetex 2010/09/12 v0.6 Provides ifxetex conditional
)
(/opt/local/share/texmf-texlive/tex/latex/oberdiek/auxhook.sty
Package: auxhook 2016/05/16 v1.4 Hooks for auxiliary files (HO)
)
(/opt/local/share/texmf-texlive/tex/latex/oberdiek/kvoptions.sty
Package: kvoptions 2016/05/16 v3.12 Key value format for package options (HO)
)
\@linkdim=\dimen103
\Hy@linkcounter=\count89
\Hy@pagecounter=\count90

(/opt/local/share/texmf-texlive/tex/latex/hyperref/pd1enc.def
File: pd1enc.def 2018/02/06 v6.86b Hyperref: PDFDocEncoding definition (HO)
Now handling font encoding PD1 ...
... no UTF-8 mapping file for font encoding PD1
)
\Hy@SavedSpaceFactor=\count91

(/opt/local/share/texmf-texlive/tex/latex/latexconfig/hyperref.cfg
File: hyperref.cfg 2002/06/06 v1.2 hyperref configuration of TeXLive
)
Package hyperref Info: Option `colorlinks' set `true' on input line 4383.
Package hyperref Info: Option `bookmarksnumbered' set `true' on input line 4383
.
Package hyperref Info: Option `hyperindex' set `true' on input line 4383.
Package hyperref Info: Option `linktocpage' set `true' on input line 4383.
Package hyperref Info: Hyper figures OFF on input line 4509.
Package hyperref Info: Link nesting OFF on input line 4514.
Package hyperref Info: Hyper index ON on input line 4517.
Package hyperref Info: Plain pages OFF on input line 4524.
Package hyperref Info: Backreferencing OFF on input line 4529.
Package hyperref Info: Implicit mode ON; LaTeX internals redefined.
Package hyperref Info: Bookmarks ON on input line 4762.
\c@Hy@tempcnt=\count92

(/opt/local/share/texmf-texlive/tex/latex/url/url.sty
\Urlmuskip=\muskip10
Package: url 2013/09/16  ver 3.4  Verb mode for urls, etc.
)
LaTeX Info: Redefining \url on input line 5115.
\XeTeXLinkMargin=\dimen104
\Fld@menulength=\count93
\Field@Width=\dimen105
\Fld@charsize=\dimen106
Package hyperref Info: Hyper figures OFF on input line 6369.
Package hyperref Info: Link nesting OFF on input line 6374.
Package hyperref Info: Hyper index ON on input line 6377.
Package hyperref Info: backreferencing OFF on input line 6384.
Package hyperref Info: Link coloring ON on input line 6387.
Package hyperref Info: Link coloring with OCG OFF on input line 6394.
Package hyperref Info: PDF/A mode OFF on input line 6399.
LaTeX Info: Redefining \ref on input line 6439.
LaTeX Info: Redefining \pageref on input line 6443.
\Hy@abspage=\count94
\c@Item=\count95
\c@Hfootnote=\count96
)
Package hyperref Info: Driver (autodetected): hpdftex.

(/opt/local/share/texmf-texlive/tex/latex/hyperref/hpdftex.def
File: hpdftex.def 2018/02/06 v6.86b Hyperref driver for pdfTeX
\Fld@listcount=\count97
\c@bookmark@seq@number=\count98

(/opt/local/share/texmf-texlive/tex/latex/oberdiek/rerunfilecheck.sty
Package: rerunfilecheck 2016/05/16 v1.8 Rerun checks for auxiliary files (HO)
Package uniquecounter Info: New unique counter `rerunfilecheck' on input line 2
82.
)
\Hy@SectionHShift=\skip43
)
(/opt/local/share/texmf-texlive/tex/latex/amsmath/amsmath.sty
Package: amsmath 2017/09/02 v2.17a AMS math features
\@mathmargin=\skip44

For additional information on amsmath, use the `?' option.
(/opt/local/share/texmf-texlive/tex/latex/amsmath/amstext.sty
Package: amstext 2000/06/29 v2.01 AMS text

(/opt/local/share/texmf-texlive/tex/latex/amsmath/amsgen.sty
File: amsgen.sty 1999/11/30 v2.0 generic functions
\@emptytoks=\toks15
\ex@=\dimen107
))
(/opt/local/share/texmf-texlive/tex/latex/amsmath/amsbsy.sty
Package: amsbsy 1999/11/29 v1.2d Bold Symbols
\pmbraise@=\dimen108
)
(/opt/local/share/texmf-texlive/tex/latex/amsmath/amsopn.sty
Package: amsopn 2016/03/08 v2.02 operator names
)
\inf@bad=\count99
LaTeX Info: Redefining \frac on input line 213.
\uproot@=\count100
\leftroot@=\count101
LaTeX Info: Redefining \overline on input line 375.
\classnum@=\count102
\DOTSCASE@=\count103
LaTeX Info: Redefining \ldots on input line 472.
LaTeX Info: Redefining \dots on input line 475.
LaTeX Info: Redefining \cdots on input line 596.
\Mathstrutbox@=\box26
\strutbox@=\box27
\big@size=\dimen109
LaTeX Font Info:    Redeclaring font encoding OML on input line 712.
LaTeX Font Info:    Redeclaring font encoding OMS on input line 713.
\macc@depth=\count104
\c@MaxMatrixCols=\count105
\dotsspace@=\muskip11
\c@parentequation=\count106
\dspbrk@lvl=\count107
\tag@help=\toks16
\row@=\count108
\column@=\count109
\maxfields@=\count110
\andhelp@=\toks17
\eqnshift@=\dimen110
\alignsep@=\dimen111
\tagshift@=\dimen112
\tagwidth@=\dimen113
\totwidth@=\dimen114
\lineht@=\dimen115
\@envbody=\toks18
\multlinegap=\skip45
\multlinetaggap=\skip46
\mathdisplay@stack=\toks19
LaTeX Info: Redefining \[ on input line 2817.
LaTeX Info: Redefining \] on input line 2818.
)
(/opt/local/share/texmf-texlive/tex/latex/graphics/graphicx.sty
Package: graphicx 2017/06/01 v1.1a Enhanced LaTeX Graphics (DPC,SPQR)

(/opt/local/share/texmf-texlive/tex/latex/graphics/graphics.sty
Package: graphics 2017/06/25 v1.2c Standard LaTeX Graphics (DPC,SPQR)

(/opt/local/share/texmf-texlive/tex/latex/graphics/trig.sty
Package: trig 2016/01/03 v1.10 sin cos tan (DPC)
)
(/opt/local/share/texmf-texlive/tex/latex/graphics-cfg/graphics.cfg
File: graphics.cfg 2016/06/04 v1.11 sample graphics configuration
)
Package graphics Info: Driver file: pdftex.def on input line 99.

(/opt/local/share/texmf-texlive/tex/latex/graphics-def/pdftex.def
File: pdftex.def 2018/01/08 v1.0l Graphics/color driver for pdftex
))
\Gin@req@height=\dimen116
\Gin@req@width=\dimen117
)
(./manual.aux)
\openout1 = `manual.aux'.

LaTeX Font Info:    Checking defaults for OML/cmm/m/it on input line 78.
LaTeX Font Info:    ... okay on input line 78.
LaTeX Font Info:    Checking defaults for T1/cmr/m/n on input line 78.
LaTeX Font Info:    ... okay on input line 78.
LaTeX Font Info:    Checking defaults for OT1/cmr/m/n on input line 78.
LaTeX Font Info:    ... okay on input line 78.
LaTeX Font Info:    Checking defaults for OMS/cmsy/m/n on input line 78.
LaTeX Font Info:    ... okay on input line 78.
LaTeX Font Info:    Checking defaults for OMX/cmex/m/n on input line 78.
LaTeX Font Info:    ... okay on input line 78.
LaTeX Font Info:    Checking defaults for U/cmr/m/n on input line 78.
LaTeX Font Info:    ... okay on input line 78.
LaTeX Font Info:    Checking defaults for PD1/pdf/m/n on input line 78.
LaTeX Font Info:    ... okay on input line 78.
\AtBeginShipoutBox=\box28
 (/opt/local/share/texmf-texlive/tex/latex/graphics/color.sty
Package: color 2016/07/10 v1.1e Standard LaTeX Color (DPC)

(/opt/local/share/texmf-texlive/tex/latex/graphics-cfg/color.cfg
File: color.cfg 2016/01/02 v1.6 sample color configuration
)
Package color Info: Driver file: pdftex.def on input line 147.
)
Package hyperref Info: Link coloring ON on input line 78.

(/opt/local/share/texmf-texlive/tex/latex/hyperref/nameref.sty
Package: nameref 2016/05/21 v2.44 Cross-referencing by name of section

(/opt/local/share/texmf-texlive/tex/generic/oberdiek/gettitlestring.sty
Package: gettitlestring 2016/05/16 v1.5 Cleanup title references (HO)
)
\c@section@level=\count111
)
LaTeX Info: Redefining \ref on input line 78.
LaTeX Info: Redefining \pageref on input line 78.
LaTeX Info: Redefining \nameref on input line 78.

(./manual.out) (./manual.out)
\@outlinefile=\write3
\openout3 = `manual.out'.


(/opt/local/share/texmf-texlive/tex/context/base/mkii/supp-pdf.mkii
[Loading MPS to PDF converter (version 2006.09.02).]
\scratchcounter=\count112
\scratchdimen=\dimen118
\scratchbox=\box29
\nofMPsegments=\count113
\nofMParguments=\count114
\everyMPshowfont=\toks20
\MPscratchCnt=\count115
\MPscratchDim=\dimen119
\MPnumerator=\count116
\makeMPintoPDFobject=\count117
\everyMPtoPDFconversion=\toks21
) (/opt/local/share/texmf-texlive/tex/latex/oberdiek/epstopdf-base.sty
Package: epstopdf-base 2016/05/15 v2.6 Base part for package epstopdf

(/opt/local/share/texmf-texlive/tex/latex/oberdiek/grfext.sty
Package: grfext 2016/05/16 v1.2 Manage graphics extensions (HO)
)
Package epstopdf-base Info: Redefining graphics rule for `.eps' on input line 4
38.
Package grfext Info: Graphics extension search list:
(grfext)             [.pdf,.png,.jpg,.mps,.jpeg,.jbig2,.jb2,.PDF,.PNG,.JPG,.JPE
G,.JBIG2,.JB2,.eps]
(grfext)             \AppendGraphicsExtensions on input line 456.

(/opt/local/share/texmf-texlive/tex/latex/latexconfig/epstopdf-sys.cfg
File: epstopdf-sys.cfg 2010/07/13 v1.3 Configuration of (r)epstopdf for TeX Liv
e
))
[1

{/opt/local/var/db/texmf/fonts/map/pdftex/updmap/pdftex.map}] (./manual.toc
[1

] [2])
\tf@toc=\write4
\openout4 = `manual.toc'.

 [3] (./sect1.tex
Chapter 1.

LaTeX Warning: Citation `zt1n7' on page 1 undefined on input line 12.


LaTeX Warning: Citation `zt2n7' on page 1 undefined on input line 14.

pdfTeX warning (ext4): destination with the same identifier (name{page.1}) has 
been already used, duplicate ignored
<to be read again> 
                   \relax 
l.42 U
      sers also may add new features for model description and command language
[1

]

LaTeX Warning: Citation `feapp' on page 2 undefined on input line 67.


LaTeX Warning: Citation `feape' on page 2 undefined on input line 77.

) (./sect2.tex [2]
Chapter 2.

LaTeX Warning: Citation `feape' on page 3 undefined on input line 22.


LaTeX Warning: Citation `zt1n' on page 3 undefined on input line 33.


LaTeX Warning: Citation `zt2n' on page 3 undefined on input line 33.

[3

]) (./sect4.tex [4] [5]
Chapter 3.

LaTeX Warning: Citation `feapp' on page 6 undefined on input line 34.

) (./sect5.tex [6

]
Chapter 4.
[7

] [8] [9] [10]) (./sect6.tex [11]
Chapter 5.

Overfull \hbox (5.2986pt too wide) in paragraph at lines 14--18
[]\OT1/cmr/m/n/12 A start/title record which must have as the first four non-bl
ank char-ac-ters \OT1/cmr/m/sl/12 FEAPpv
 []

[12

]) (./sect7.tex [13]) (./sect10.tex [14]
<figs/fig7_1.pdf, id=509, 364.36125pt x 348.30125pt>
File: figs/fig7_1.pdf Graphic file (type pdf)
<use figs/fig7_1.pdf>
Package pdftex.def Info: figs/fig7_1.pdf  used on input line 22.
(pdftex.def)             Requested size: 115.63243pt x 110.53392pt.
 [15 <./figs/fig7_1.pdf>] [16]
<figs/fig7_2.pdf, id=525, 345.29pt x 354.32375pt>
File: figs/fig7_2.pdf Graphic file (type pdf)
<use figs/fig7_2.pdf>
Package pdftex.def Info: figs/fig7_2.pdf  used on input line 147.
(pdftex.def)             Requested size: 115.63243pt x 118.65729pt.

[17] [18 <./figs/fig7_2.pdf>] [19]

LaTeX Warning: Citation `zt1' on page 20 undefined on input line 269.


LaTeX Warning: Citation `zt1n' on page 20 undefined on input line 269.

<figs/figb1.pdf, id=544, 318.18875pt x 211.79124pt>
File: figs/figb1.pdf Graphic file (type pdf)
<use figs/figb1.pdf>
Package pdftex.def Info: figs/figb1.pdf  used on input line 284.
(pdftex.def)             Requested size: 260.17244pt x 173.17226pt.
[20 <./figs/figb1.pdf>] [21]
<figs/figb3a.pdf, id=565, 337.26pt x 197.73875pt>
File: figs/figb3a.pdf Graphic file (type pdf)
<use figs/figb3a.pdf>
Package pdftex.def Info: figs/figb3a.pdf  used on input line 412.
(pdftex.def)             Requested size: 180.67499pt x 105.9325pt.
<figs/figb3b.pdf, id=566, 337.26pt x 187.70125pt>
File: figs/figb3b.pdf Graphic file (type pdf)
<use figs/figb3b.pdf>
Package pdftex.def Info: figs/figb3b.pdf  used on input line 412.
(pdftex.def)             Requested size: 180.67499pt x 100.55522pt.
) (./sect9.tex [22] [23 <./figs/figb3a.pdf> <./figs/figb3b.pdf>] [24]) (./sect8
.tex [25]) (./sect11.tex [26] [27] [28] [29]
[30]) (./sect12.tex [31] [32]) (./sect5il.tex [33
Non-PDF special ignored!
<special> em:linewidth 0.4pt
]

LaTeX Warning: Citation `feapp' on page 34 undefined on input line 40.

[34] [35]
<figs/lp2blk.pdf, id=647, 337.26pt x 138.5175pt>
File: figs/lp2blk.pdf Graphic file (type pdf)
<use figs/lp2blk.pdf>
Package pdftex.def Info: figs/lp2blk.pdf  used on input line 111.
(pdftex.def)             Requested size: 387.11522pt x 158.99377pt.
<figs/wheel5.pdf, id=650, 337.26pt x 337.26pt>
File: figs/wheel5.pdf Graphic file (type pdf)
<use figs/wheel5.pdf>
Package pdftex.def Info: figs/wheel5.pdf  used on input line 171.
(pdftex.def)             Requested size: 252.94952pt x 252.94499pt.
<figs/wheelsg.pdf, id=654, 337.26pt x 243.91125pt>
File: figs/wheelsg.pdf Graphic file (type pdf)
<use figs/wheelsg.pdf>
Package pdftex.def Info: figs/wheelsg.pdf  used on input line 204.
(pdftex.def)             Requested size: 199.85652pt x 144.54pt.
 [36 <./figs/lp2blk.pdf>] [37] [38 <./figs/wheel5.pdf>])
(./sect13a.tex [39 <./figs/wheelsg.pdf>]
Chapter 6.
[40

] [41]

LaTeX Warning: Citation `zt1n' on page 42 undefined on input line 131.


LaTeX Warning: Citation `feapp' on page 42 undefined on input line 132.

[42] [43] [44]

LaTeX Warning: Citation `zt1n' on page 45 undefined on input line 296.

[45]) (./sect13b.tex [46]
Chapter 7.

LaTeX Warning: Citation `christensen71a' on page 47 undefined on input line 40.


[47

] [48] [49] [50] [51] [52]

LaTeX Warning: Citation `feapt' on page 53 undefined on input line 352.

[53]

LaTeX Warning: Citation `taylorpg' on page 54 undefined on input line 409.


LaTeX Warning: Citation `feapt' on page 54 undefined on input line 410.

[54]

LaTeX Warning: Citation `simort85' on page 55 undefined on input line 453.


LaTeX Warning: Citation `simort86' on page 55 undefined on input line 453.


LaTeX Warning: Citation `simo:hughes' on page 55 undefined on input line 453.

[55] [56]

Package hyperref Warning: Token not allowed in a PDF string (PDFDocEncoding):
(hyperref)                removing `\\' on input line 610.

[57]) (./sect14.tex [58] [59]
Chapter 8.
) (./sect15.tex [60

]
Chapter 9.
[61

]

LaTeX Warning: Citation `zt1n' on page 62 undefined on input line 78.

) (./sect17a.tex [62]
Chapter 10.
[63

]

LaTeX Warning: Citation `zt1n6' on page 64 undefined on input line 70.

[64] [65] [66] [67]

LaTeX Warning: Citation `zt1n' on page 68 undefined on input line 273.

[68] [69] [70]

LaTeX Warning: Citation `zt1n' on page 71 undefined on input line 447.

[71]

LaTeX Warning: Citation `newmark' on page 72 undefined on input line 470.


LaTeX Warning: Citation `zt1n' on page 72 undefined on input line 507.

[72] [73]) (./sect17b.tex [74] [75] [76]

LaTeX Warning: Citation `zt1n6' on page 77 undefined on input line 150.

[77] [78]
Overfull \hbox (16.3579pt too wide) in paragraph at lines 231--231
[]\OT1/cmr/bx/n/17.28 Re-executing Com-mands: HIS-TORY Com-mand 
 []

[79] [80]) (./sect18.tex [81]
Chapter 11.
[82

] [83] [84] [85]
<figs/fig4.pdf, id=1021, 342.27875pt x 359.3425pt>
File: figs/fig4.pdf Graphic file (type pdf)
<use figs/fig4.pdf>
Package pdftex.def Info: figs/fig4.pdf  used on input line 204.
(pdftex.def)             Requested size: 202.35622pt x 212.44888pt.
<figs/fig5.pdf, id=1024, 561.09625pt x 363.3575pt>
File: figs/fig5.pdf Graphic file (type pdf)
<use figs/fig5.pdf>
Package pdftex.def Info: figs/fig5.pdf  used on input line 226.
(pdftex.def)             Requested size: 346.89621pt x 224.64171pt.
 [86 <./figs/fig4.pdf>]) (./manual.bbl [87 <./figs/fig5.pdf>] [88

]) (../lmesh/appenda.tex (../lmesh/feap_in.tex) [89]
Appendix A.
[90

] (../lmesh/alfeap.tex [91] [92]) (../lmesh/starele.tex [93])
(../lmesh/starnod.tex [94]) (../lmesh/angl.tex
<../lmesh/angcor.pdf, id=1093, 494.84875pt x 384.43625pt>
File: ../lmesh/angcor.pdf Graphic file (type pdf)
<use ../lmesh/angcor.pdf>
Package pdftex.def Info: ../lmesh/angcor.pdf  used on input line 35.
(pdftex.def)             Requested size: 252.94499pt x 196.5057pt.
 [95] [96 <../lmesh/angcor.pdf>]) (../lmesh/blen.tex [97] [98]) (../lmesh/bloc.
tex [99]
<../lmesh/block.pdf, id=1132, 387.4475pt x 399.4925pt>
File: ../lmesh/block.pdf Graphic file (type pdf)
<use ../lmesh/block.pdf>
Package pdftex.def Info: ../lmesh/block.pdf  used on input line 69.
(pdftex.def)             Requested size: 224.03743pt x 231.00479pt.
<figs/blk3a.pdf, id=1135, 293.095pt x 346.29375pt>
File: figs/blk3a.pdf Graphic file (type pdf)
<use figs/blk3a.pdf>
Package pdftex.def Info: figs/blk3a.pdf  used on input line 133.
(pdftex.def)             Requested size: 224.03743pt x 264.6972pt.
<figs/blk3b.pdf, id=1136, 308.15125pt x 355.3275pt>
File: figs/blk3b.pdf Graphic file (type pdf)
<use figs/blk3b.pdf>
Package pdftex.def Info: figs/blk3b.pdf  used on input line 139.
(pdftex.def)             Requested size: 224.03743pt x 258.34048pt.
<figs/blk3c.pdf, id=1137, 293.095pt x 344.28625pt>
File: figs/blk3c.pdf Graphic file (type pdf)
<use figs/blk3c.pdf>
Package pdftex.def Info: figs/blk3c.pdf  used on input line 145.
(pdftex.def)             Requested size: 224.03743pt x 263.16272pt.
) [100 <../lmesh/block.pdf>] [101]

LaTeX Warning: Text page 102 contains only floats.

[102 <./figs/blk3a.pdf> <./figs/blk3b.pdf>] [103 <./figs/blk3c.pdf>]
(../lmesh/boun.tex [104] [105]) (../lmesh/btem.tex [106] [107])
(../lmesh/cang.tex
File: ../lmesh/angcor.pdf Graphic file (type pdf)
<use ../lmesh/angcor.pdf>
Package pdftex.def Info: ../lmesh/angcor.pdf  used on input line 36.
(pdftex.def)             Requested size: 252.94499pt x 196.5057pt.
 [108] [109] [110]) (../lmesh/cbou.tex [111] [112] [113])
(../lmesh/cdis.tex [114] [115]) (../lmesh/cfor.tex [116] [117])
(../lmesh/cpro.tex [118] [119] [120]) (../lmesh/coor.tex [121])
(../lmesh/csur.tex [122] [123] [124]) (../lmesh/debu.tex [125])
(../lmesh/disp.tex [126]) (../lmesh/eang.tex [127]) (../lmesh/ebou.tex [128])
(../lmesh/edis.tex [129] [130]) (../lmesh/efor.tex [131] [132])
(../lmesh/elem.tex [133] [134]) (../lmesh/end.tex [135]) (../lmesh/epro.tex
[136]) (../lmesh/ereg.tex [137]) (../lmesh/forc.tex [138] [139])
(../lmesh/fpro.tex [140] [141]) (../lmesh/glob.tex [142]) (../lmesh/incl.tex
[143]) (../lmesh/loop.tex [144]) (../lmesh/manu.tex [145]) (../lmesh/mate.tex
[146] [147]) (../lmesh/next.tex [148]) (../lmesh/nopa.tex [149])
(../lmesh/nopr.tex [150]) (../lmesh/para.tex [151] [152]) (../lmesh/pars.tex
[153]) (../lmesh/peri.tex [154] [155]) (../lmesh/pola.tex [156])
(../lmesh/prin.tex [157]) (../lmesh/regi.tex [158]) (../lmesh/rese.tex [159])
(../lmesh/shif.tex [160]) (../lmesh/side.tex [161] [162]) (../lmesh/snod.tex
[163]) (../lmesh/temp.tex [164]) (../lmesh/titl.tex [165]) (../lmesh/tran.tex
[166] [167])) (../lmani/appendb.tex
Appendix B.
[168

] (../lmani/link.tex [169] [170]) (../lmani/manu.tex [171])
(../lmani/rema.tex [172]) (../lmani/tie.tex [173])) (../lmacr/appendc.tex
Appendix C.
[174

] (../lmacr/aamac.tex [175]) (../lmacr/acce.tex [176]) (../lmacr/arcl.tex
[177]) (../lmacr/augm.tex [178]) (../lmacr/back.tex [179]) (../lmacr/bfgs.tex
[180]) (../lmacr/chec.tex [181]) (../lmacr/comm.tex [182]) (../lmacr/damp.tex
[183]) (../lmacr/data.tex [184]) (../lmacr/debu.tex [185]) (../lmacr/dire.tex
[186]) (../lmacr/disp.tex [187]) (../lmacr/dsol.tex [188]) (../lmacr/dt.tex
[189]) (../lmacr/eige.tex [190]) (../lmacr/eigv.tex [191]) (../lmacr/else.tex
[192]) (../lmacr/end.tex [193]) (../lmacr/endi.tex [194]) (../lmacr/epri.tex
[195]) (../lmacr/exit.tex [196]) (../lmacr/form.tex [197]) (../lmacr/geom.tex
[198]) (../lmacr/help.tex [199]) (../lmacr/hill.tex

LaTeX Warning: Reference `periodicbc' on page 200 undefined on input line 17.

[200]) (../lmacr/hist.tex [201] [202]) (../lmacr/iden.tex [203])
(../lmacr/if.tex [204]) (../lmacr/init.tex [205]) (../lmacr/iter.tex [206])
(../lmacr/loop.tex [207]) (../lmacr/manu.tex [208]) (../lmacr/mass.tex [209])
(../lmacr/mesh.tex [210]) (../lmacr/newf.tex [211]) (../lmacr/next.tex [212])
(../lmacr/nopr.tex [213]) (../lmacr/opti.tex [214]) (../lmacr/plot.tex [215])
(../lmacr/prin.tex [216]) (../lmacr/prop.tex [217] [218]) (../lmacr/quit.tex
[219]) (../lmacr/reac.tex [220] [221]) (../lmacr/read.tex [222])
(../lmacr/rest.tex [223]) (../lmacr/save.tex [224]) (../lmacr/show.tex [225])
(../lmacr/solv.tex [226]) (../lmacr/stre.tex [227]) (../lmacr/subs.tex [228])
(../lmacr/tang.tex [229] [230]) (../lmacr/time.tex [231] [232])
(../lmacr/tol.tex [233] [234]) (../lmacr/tplo.tex [235] [236])
(../lmacr/tran.tex [237] [238]) (../lmacr/utan.tex [239]) (../lmacr/velo.tex
[240]) (../lmacr/writ.tex [241])) (../lplot/appendd.tex
Appendix D.
[242

] (../lplot/acce.tex [243]) (../lplot/axis.tex [244]) (../lplot/boun.tex
[245]) (../lplot/cart.tex [246]) (../lplot/cent.tex [247]) (../lplot/colo.tex
[248]) (../lplot/cont.tex [249]) (../lplot/defa.tex [250]) (../lplot/defo.tex
[251]) (../lplot/disp.tex [252]) (../lplot/dofs.tex [253]) (../lplot/eigv.tex
[254]) (../lplot/elem.tex [255]) (../lplot/estr.tex [256]) (../lplot/fact.tex
[257]) (../lplot/fill.tex [258]) (../lplot/fram.tex [259]) (../lplot/hide.tex
[260]) (../lplot/line.tex [261]) (../lplot/load.tex [262]) (../lplot/manu.tex
[263]) (../lplot/mate.tex [264]) (../lplot/mesh.tex [265]) (../lplot/node.tex
[266]) (../lplot/nora.tex [267]) (../lplot/outl.tex [268]) (../lplot/pers.tex
[269]) (../lplot/post.tex [270]) (../lplot/prof.tex [271]) (../lplot/prom.tex
[272]) (../lplot/pstr.tex [273]) (../lplot/rang.tex [274]) (../lplot/reac.tex
[275]) (../lplot/scal.tex [276]) (../lplot/snod.tex [277]) (../lplot/stre.tex
[278]) (../lplot/unde.tex [279]) (../lplot/velo.tex [280]) (../lplot/zoom.tex
[281]))
Package atveryend Info: Empty hook `BeforeClearDocument' on input line 141.
Package atveryend Info: Empty hook `AfterLastShipout' on input line 141.
 (./manual.aux)
Package atveryend Info: Executing hook `AtVeryEndDocument' on input line 141.
Package atveryend Info: Executing hook `AtEndAfterFileList' on input line 141.
Package rerunfilecheck Info: File `manual.out' has not changed.
(rerunfilecheck)             Checksum: E4EB8C9336F09A91AD3E9D1E96C2FCB2;5699.


LaTeX Warning: There were undefined references.


LaTeX Warning: Label(s) may have changed. Rerun to get cross-references right.

Package atveryend Info: Empty hook `AtVeryVeryEnd' on input line 141.
 ) 
Here is how much of TeX's memory you used:
 7085 strings out of 493762
 98022 string characters out of 6152599
 190424 words of memory out of 5000000
 9643 multiletter control sequences out of 15000+600000
 16589 words of font info for 59 fonts, out of 8000000 for 9000
 430 hyphenation exceptions out of 8191
 28i,10n,32p,219b,543s stack positions out of 5000i,500n,10000p,200000b,80000s
</opt/local/share/texmf-texlive/fonts/type1/public/amsfonts/cm/cmbx12.pfb></o
pt/local/share/texmf-texlive/fonts/type1/public/amsfonts/cm/cmbx8.pfb></opt/loc
al/share/texmf-texlive/fonts/type1/public/amsfonts/cm/cmex10.pfb></opt/local/sh
are/texmf-texlive/fonts/type1/public/amsfonts/cm/cmmi12.pfb></opt/local/share/t
exmf-texlive/fonts/type1/public/amsfonts/cm/cmmi8.pfb></opt/local/share/texmf-t
exlive/fonts/type1/public/amsfonts/cm/cmmib10.pfb></opt/local/share/texmf-texli
ve/fonts/type1/public/amsfonts/cm/cmr10.pfb></opt/local/share/texmf-texlive/fon
ts/type1/public/amsfonts/cm/cmr12.pfb></opt/local/share/texmf-texlive/fonts/typ
e1/public/amsfonts/cm/cmr6.pfb></opt/local/share/texmf-texlive/fonts/type1/publ
ic/amsfonts/cm/cmr7.pfb></opt/local/share/texmf-texlive/fonts/type1/public/amsf
onts/cm/cmr8.pfb></opt/local/share/texmf-texlive/fonts/type1/public/amsfonts/cm
/cmsl12.pfb></opt/local/share/texmf-texlive/fonts/type1/public/amsfonts/cm/cmsy
10.pfb></opt/local/share/texmf-texlive/fonts/type1/public/amsfonts/cm/cmsy8.pfb
></opt/local/share/texmf-texlive/fonts/type1/public/amsfonts/cm/cmti12.pfb></op
t/local/share/texmf-texlive/fonts/type1/public/amsfonts/cm/cmtt10.pfb></opt/loc
al/share/texmf-texlive/fonts/type1/public/amsfonts/cm/cmtt12.pfb></opt/local/sh
are/texmf-texlive/fonts/type1/public/amsfonts/latxfont/lcircle1.pfb></opt/local
/share/texmf-texlive/fonts/type1/public/amsfonts/latxfont/line10.pfb>
Output written on manual.pdf (285 pages, 709168 bytes).
PDF statistics:
 2163 PDF objects out of 2487 (max. 8388607)
 1823 compressed objects within 19 object streams
 594 named destinations out of 1000 (max. 500000)
 676 words of extra memory for PDF output out of 10000 (max. 10000000)

